2020-07-26 10:53:49 CarinaListener [INFO] 
============= Test configuration =============
url=https://www.gsmarena.com
env=DEMO
env_arg_resolver=com.qaprosoft.carina.core.foundation.utils.DefaultEnvArgResolver
browser=
browser_version=
browser_language=
selenium_host=http://localhost:4444/wd/hub
driver_event_listeners=
max_driver_count=3
custom_capabilities=
chrome_args=
chrome_experimental_opts=
chrome_mobile_emulation_opts=
firefox_args=
firefox_preferences=
app_version=
proxy_host=
proxy_port=
proxy_protocols=http,https,ftp
no_proxy=
browsermob_proxy=false
browsermob_host=
browsermob_port=0
browsermob_ports_range=
browsermob_disabled_mitm=false
proxy_set_to_system=false
report_url=
email_list=
failure_email_list=
track_known_issues=false
auto_screenshot=true
explicit_timeout=20
auto_download=false
auto_download_apps=
auto_download_folder=
custom_artifacts_folder=
retry_interval=5
project_report_directory=./reports/qa
max_screen_history=10
max_log_file_size=150
result_sorting=true
big_screen_width=-1
big_screen_height=-1
small_screen_width=90
small_screen_height=60
init_retry_count=0
init_retry_interval=1
retry_count=0
enable_l10n=true
l10n_encoding=ISO-8859-1
locale=en_US
thread_count=-1
data_provider_thread_count=1
core_log_level=INFO
core_log_packages=com.qaprosoft.carina.core
artifacts_expiration_seconds=2592000
log_all_json=true
date_format=HH:mm:ss yyyy-MM-dd
time_format=HH:mm:ss
suite_name=
jira_updater=com.qaprosoft.carina.core.foundation.jira.DefaultJiraUpdater
jira_url=
jira_user=
jira_password=
jira_suite_id=
jira_project=
jira_project_short=
jira_create_new_ticket=false
test_naming_pattern={method_name}
element_loading_strategy=BY_PRESENCE_OR_VISIBILITY
page_opening_strategy=BY_URL_AND_ELEMENT
forcibly_disable_driver_quit=false
testrail_run_name=
testrail_milestone=
testrail_assignee=
qtest_cycle_name=DailyAutomation
qtest_suite_name=
s3_bucket_name=
access_key_id=
secret_key=
s3_use_presign_url=false
s3_local_storage=.
appcenter_token=
appcenter_local_storage=.
add_new_localization=false
add_new_localization_encoding=utf-8
add_new_localization_path=
add_new_localization_property_name=new_custom_messages_
tls_keysecure_location=
health_check_class=
health_check_methods=
uninstall_related_apps=false
default_device_timezone=GMT
default_device_time_format=24
default_device_language=en_US
android_screen_record_size=
android_screen_record_bitrate=1000000
android_enable_bug_report=true
ios_screen_record_quality=MEDIUM
ios_screen_record_codec=libx264
ios_screen_record_fps=10
screen_record_duration=180
video_scale=-2:720
ignore_ssl=false
test_run_rules=
hub_mode=selenium
selenium_host=http://localhost:4444/wd/hub

------------- Driver capabilities -----------
================================================

2020-07-26 10:53:49 L10N [ERROR] Unable to use L10N resources yet using Java 9+!
2020-07-26 10:53:55 CarinaListener [INFO] Set thread_count=1
2020-07-26 10:53:55 CarinaListener [INFO] CARINA_CORE_VERSION: 6.4.38
2020-07-26 10:53:55 Messager [INFO]  TEST [carina_qa - testCreateAzureUser] STARTED at [10:53:55 2020-07-26]
2020-07-26 10:54:01 AbstractApiMethod [INFO] Request method:	POST
Request URI:	https://fakerestapi.azurewebsites.net/api/Users
Proxy:			<none>
Request params:	<none>
Query params:	<none>
Form params:	<none>
Path params:	<none>
Headers:		Accept=*/*
				Content-Type=application/json; charset=UTF-8
Cookies:		<none>
Multiparts:		<none>
Body:
{
    "UserName": "k-kudryavtseva",
    "Password": "root"
}
HTTP/1.1 200 OK
Cache-Control: no-cache
Pragma: no-cache
Content-Length: 171
Content-Type: application/json; charset=utf-8
Content-Encoding: gzip
Expires: -1
Vary: Accept-Encoding
Server: Microsoft-IIS/10.0
X-AspNet-Version: 4.0.30319
X-Powered-By: ASP.NET
Set-Cookie: ARRAffinity=cb4308daf0949850fad2bc32568054bec0fe12274c3f98e30180df1cb3df6576;Path=/;HttpOnly;Domain=fakerestapi.azurewebsites.net
Date: Sun, 26 Jul 2020 07:53:58 GMT

{
    "ID": 0,
    "UserName": "k-kudryavtseva",
    "Password": "root"
}

2020-07-26 10:54:02 Messager [ERROR]  TEST [carina_qa - testCreateAzureUser] FAILED at [10:54:02 2020-07-26] - Cannot construct instance of `com.solvd.carina.demo.api.bo.AzureUser` (no Creators, like default construct, exist): cannot deserialize from Object value (no delegate- or property-based Creator)
 at [Source: (String)"{"ID":0,"UserName":"k-kudryavtseva","Password":"root"}"; line: 1, column: 2]

com.fasterxml.jackson.databind.exc.InvalidDefinitionException.from(InvalidDefinitionException.java:67)
com.fasterxml.jackson.databind.DeserializationContext.reportBadDefinition(DeserializationContext.java:1452)
com.fasterxml.jackson.databind.DeserializationContext.handleMissingInstantiator(DeserializationContext.java:1028)
com.fasterxml.jackson.databind.deser.BeanDeserializerBase.deserializeFromObjectUsingNonDefault(BeanDeserializerBase.java:1297)
com.fasterxml.jackson.databind.deser.BeanDeserializer.deserializeFromObject(BeanDeserializer.java:326)
com.fasterxml.jackson.databind.deser.BeanDeserializer.deserialize(BeanDeserializer.java:159)
com.fasterxml.jackson.databind.ObjectMapper._readMapAndClose(ObjectMapper.java:4014)
com.fasterxml.jackson.databind.ObjectMapper.readValue(ObjectMapper.java:3005)
com.solvd.carina.demo.APISampleTestV2.testCreateAzureUser(APISampleTestV2.java:52)
java.base/jdk.internal.reflect.NativeMethodAccessorImpl.invoke0(Native Method)
java.base/jdk.internal.reflect.NativeMethodAccessorImpl.invoke(NativeMethodAccessorImpl.java:62)
java.base/jdk.internal.reflect.DelegatingMethodAccessorImpl.invoke(DelegatingMethodAccessorImpl.java:43)
java.base/java.lang.reflect.Method.invoke(Method.java:566)
org.testng.internal.MethodInvocationHelper.invokeMethod(MethodInvocationHelper.java:134)
org.testng.internal.TestInvoker.invokeMethod(TestInvoker.java:597)
org.testng.internal.TestInvoker.invokeTestMethod(TestInvoker.java:173)
org.testng.internal.MethodRunner.runInSequence(MethodRunner.java:46)
org.testng.internal.TestInvoker$MethodInvocationAgent.invoke(TestInvoker.java:816)
org.testng.internal.TestInvoker.invokeTestMethods(TestInvoker.java:146)
org.testng.internal.TestMethodWorker.invokeTestMethods(TestMethodWorker.java:146)
org.testng.internal.TestMethodWorker.run(TestMethodWorker.java:128)
java.base/java.util.ArrayList.forEach(ArrayList.java:1540)
org.testng.TestRunner.privateRun(TestRunner.java:766)
org.testng.TestRunner.run(TestRunner.java:587)
org.testng.SuiteRunner.runTest(SuiteRunner.java:384)
org.testng.SuiteRunner.runSequentially(SuiteRunner.java:378)
org.testng.SuiteRunner.privateRun(SuiteRunner.java:337)
org.testng.SuiteRunner.run(SuiteRunner.java:286)
org.testng.SuiteRunnerWorker.runSuite(SuiteRunnerWorker.java:53)
org.testng.SuiteRunnerWorker.run(SuiteRunnerWorker.java:96)
org.testng.TestNG.runSuitesSequentially(TestNG.java:1187)
org.testng.TestNG.runSuitesLocally(TestNG.java:1109)
org.testng.TestNG.runSuites(TestNG.java:1039)
org.testng.TestNG.run(TestNG.java:1007)
com.intellij.rt.testng.IDEARemoteTestNG.run(IDEARemoteTestNG.java:66)
com.intellij.rt.testng.RemoteTestNGStarter.main(RemoteTestNGStarter.java:110)
2020-07-26 10:54:02 Messager [INFO] INFO: '**************** Test execution summary ****************'.
2020-07-26 10:54:02 Messager [INFO] RESULT #1: TEST [carina_qa - testCreateAzureUser] FAIL [log=./1595750029267/b767c192-49b5-4d50-9ae2-c94ed114878c/test.log]
2020-07-26 11:06:05 CarinaListener [INFO] 
============= Test configuration =============
url=https://www.gsmarena.com
env=DEMO
env_arg_resolver=com.qaprosoft.carina.core.foundation.utils.DefaultEnvArgResolver
browser=
browser_version=
browser_language=
selenium_host=http://localhost:4444/wd/hub
driver_event_listeners=
max_driver_count=3
custom_capabilities=
chrome_args=
chrome_experimental_opts=
chrome_mobile_emulation_opts=
firefox_args=
firefox_preferences=
app_version=
proxy_host=
proxy_port=
proxy_protocols=http,https,ftp
no_proxy=
browsermob_proxy=false
browsermob_host=
browsermob_port=0
browsermob_ports_range=
browsermob_disabled_mitm=false
proxy_set_to_system=false
report_url=
email_list=
failure_email_list=
track_known_issues=false
auto_screenshot=true
explicit_timeout=20
auto_download=false
auto_download_apps=
auto_download_folder=
custom_artifacts_folder=
retry_interval=5
project_report_directory=./reports/qa
max_screen_history=10
max_log_file_size=150
result_sorting=true
big_screen_width=-1
big_screen_height=-1
small_screen_width=90
small_screen_height=60
init_retry_count=0
init_retry_interval=1
retry_count=0
enable_l10n=true
l10n_encoding=ISO-8859-1
locale=en_US
thread_count=-1
data_provider_thread_count=1
core_log_level=INFO
core_log_packages=com.qaprosoft.carina.core
artifacts_expiration_seconds=2592000
log_all_json=true
date_format=HH:mm:ss yyyy-MM-dd
time_format=HH:mm:ss
suite_name=
jira_updater=com.qaprosoft.carina.core.foundation.jira.DefaultJiraUpdater
jira_url=
jira_user=
jira_password=
jira_suite_id=
jira_project=
jira_project_short=
jira_create_new_ticket=false
test_naming_pattern={method_name}
element_loading_strategy=BY_PRESENCE_OR_VISIBILITY
page_opening_strategy=BY_URL_AND_ELEMENT
forcibly_disable_driver_quit=false
testrail_run_name=
testrail_milestone=
testrail_assignee=
qtest_cycle_name=DailyAutomation
qtest_suite_name=
s3_bucket_name=
access_key_id=
secret_key=
s3_use_presign_url=false
s3_local_storage=.
appcenter_token=
appcenter_local_storage=.
add_new_localization=false
add_new_localization_encoding=utf-8
add_new_localization_path=
add_new_localization_property_name=new_custom_messages_
tls_keysecure_location=
health_check_class=
health_check_methods=
uninstall_related_apps=false
default_device_timezone=GMT
default_device_time_format=24
default_device_language=en_US
android_screen_record_size=
android_screen_record_bitrate=1000000
android_enable_bug_report=true
ios_screen_record_quality=MEDIUM
ios_screen_record_codec=libx264
ios_screen_record_fps=10
screen_record_duration=180
video_scale=-2:720
ignore_ssl=false
test_run_rules=
hub_mode=selenium
selenium_host=http://localhost:4444/wd/hub

------------- Driver capabilities -----------
================================================

2020-07-26 11:06:06 L10N [ERROR] Unable to use L10N resources yet using Java 9+!
2020-07-26 11:06:08 CarinaListener [INFO] Set thread_count=1
2020-07-26 11:06:08 CarinaListener [INFO] CARINA_CORE_VERSION: 6.4.38
2020-07-26 11:06:08 Messager [INFO]  TEST [carina_qa - testCreateAzureUser] STARTED at [11:06:08 2020-07-26]
2020-07-26 11:06:15 AbstractApiMethod [INFO] Request method:	POST
Request URI:	https://fakerestapi.azurewebsites.net/api/Users
Proxy:			<none>
Request params:	<none>
Query params:	<none>
Form params:	<none>
Path params:	<none>
Headers:		Accept=*/*
				Content-Type=application/json; charset=UTF-8
Cookies:		<none>
Multiparts:		<none>
Body:
{
    "UserName": "k-kudryavtseva",
    "Password": "root"
}
HTTP/1.1 200 OK
Cache-Control: no-cache
Pragma: no-cache
Content-Length: 171
Content-Type: application/json; charset=utf-8
Content-Encoding: gzip
Expires: -1
Vary: Accept-Encoding
Server: Microsoft-IIS/10.0
X-AspNet-Version: 4.0.30319
X-Powered-By: ASP.NET
Set-Cookie: ARRAffinity=cb4308daf0949850fad2bc32568054bec0fe12274c3f98e30180df1cb3df6576;Path=/;HttpOnly;Domain=fakerestapi.azurewebsites.net
Date: Sun, 26 Jul 2020 08:06:12 GMT

{
    "ID": 0,
    "UserName": "k-kudryavtseva",
    "Password": "root"
}

2020-07-26 11:06:15 Messager [ERROR]  TEST [carina_qa - testCreateAzureUser] FAILED at [11:06:15 2020-07-26] - Cannot construct instance of `com.solvd.carina.demo.api.bo.AzureUser` (no Creators, like default construct, exist): cannot deserialize from Object value (no delegate- or property-based Creator)
 at [Source: (String)"{"ID":0,"UserName":"k-kudryavtseva","Password":"root"}"; line: 1, column: 2]

com.fasterxml.jackson.databind.exc.InvalidDefinitionException.from(InvalidDefinitionException.java:67)
com.fasterxml.jackson.databind.DeserializationContext.reportBadDefinition(DeserializationContext.java:1452)
com.fasterxml.jackson.databind.DeserializationContext.handleMissingInstantiator(DeserializationContext.java:1028)
com.fasterxml.jackson.databind.deser.BeanDeserializerBase.deserializeFromObjectUsingNonDefault(BeanDeserializerBase.java:1297)
com.fasterxml.jackson.databind.deser.BeanDeserializer.deserializeFromObject(BeanDeserializer.java:326)
com.fasterxml.jackson.databind.deser.BeanDeserializer.deserialize(BeanDeserializer.java:159)
com.fasterxml.jackson.databind.ObjectMapper._readMapAndClose(ObjectMapper.java:4014)
com.fasterxml.jackson.databind.ObjectMapper.readValue(ObjectMapper.java:3005)
com.solvd.carina.demo.APISampleTestV2.testCreateAzureUser(APISampleTestV2.java:52)
java.base/jdk.internal.reflect.NativeMethodAccessorImpl.invoke0(Native Method)
java.base/jdk.internal.reflect.NativeMethodAccessorImpl.invoke(NativeMethodAccessorImpl.java:62)
java.base/jdk.internal.reflect.DelegatingMethodAccessorImpl.invoke(DelegatingMethodAccessorImpl.java:43)
java.base/java.lang.reflect.Method.invoke(Method.java:566)
org.testng.internal.MethodInvocationHelper.invokeMethod(MethodInvocationHelper.java:134)
org.testng.internal.TestInvoker.invokeMethod(TestInvoker.java:597)
org.testng.internal.TestInvoker.invokeTestMethod(TestInvoker.java:173)
org.testng.internal.MethodRunner.runInSequence(MethodRunner.java:46)
org.testng.internal.TestInvoker$MethodInvocationAgent.invoke(TestInvoker.java:816)
org.testng.internal.TestInvoker.invokeTestMethods(TestInvoker.java:146)
org.testng.internal.TestMethodWorker.invokeTestMethods(TestMethodWorker.java:146)
org.testng.internal.TestMethodWorker.run(TestMethodWorker.java:128)
java.base/java.util.ArrayList.forEach(ArrayList.java:1540)
org.testng.TestRunner.privateRun(TestRunner.java:766)
org.testng.TestRunner.run(TestRunner.java:587)
org.testng.SuiteRunner.runTest(SuiteRunner.java:384)
org.testng.SuiteRunner.runSequentially(SuiteRunner.java:378)
org.testng.SuiteRunner.privateRun(SuiteRunner.java:337)
org.testng.SuiteRunner.run(SuiteRunner.java:286)
org.testng.SuiteRunnerWorker.runSuite(SuiteRunnerWorker.java:53)
org.testng.SuiteRunnerWorker.run(SuiteRunnerWorker.java:96)
org.testng.TestNG.runSuitesSequentially(TestNG.java:1187)
org.testng.TestNG.runSuitesLocally(TestNG.java:1109)
org.testng.TestNG.runSuites(TestNG.java:1039)
org.testng.TestNG.run(TestNG.java:1007)
com.intellij.rt.testng.IDEARemoteTestNG.run(IDEARemoteTestNG.java:66)
com.intellij.rt.testng.RemoteTestNGStarter.main(RemoteTestNGStarter.java:110)
2020-07-26 11:06:16 Messager [INFO] INFO: '**************** Test execution summary ****************'.
2020-07-26 11:06:16 Messager [INFO] RESULT #1: TEST [carina_qa - testCreateAzureUser] FAIL [log=./1595750765952/53146e8f-c5ee-423c-bba7-aa98f4ffbf1d/test.log]
2020-07-26 12:26:07 CarinaListener [INFO] 
============= Test configuration =============
url=https://www.gsmarena.com
env=DEMO
env_arg_resolver=com.qaprosoft.carina.core.foundation.utils.DefaultEnvArgResolver
browser=
browser_version=
browser_language=
selenium_host=http://localhost:4444/wd/hub
driver_event_listeners=
max_driver_count=3
custom_capabilities=
chrome_args=
chrome_experimental_opts=
chrome_mobile_emulation_opts=
firefox_args=
firefox_preferences=
app_version=
proxy_host=
proxy_port=
proxy_protocols=http,https,ftp
no_proxy=
browsermob_proxy=false
browsermob_host=
browsermob_port=0
browsermob_ports_range=
browsermob_disabled_mitm=false
proxy_set_to_system=false
report_url=
email_list=
failure_email_list=
track_known_issues=false
auto_screenshot=true
explicit_timeout=20
auto_download=false
auto_download_apps=
auto_download_folder=
custom_artifacts_folder=
retry_interval=5
project_report_directory=./reports/qa
max_screen_history=10
max_log_file_size=150
result_sorting=true
big_screen_width=-1
big_screen_height=-1
small_screen_width=90
small_screen_height=60
init_retry_count=0
init_retry_interval=1
retry_count=0
enable_l10n=true
l10n_encoding=ISO-8859-1
locale=en_US
thread_count=-1
data_provider_thread_count=1
core_log_level=INFO
core_log_packages=com.qaprosoft.carina.core
artifacts_expiration_seconds=2592000
log_all_json=true
date_format=HH:mm:ss yyyy-MM-dd
time_format=HH:mm:ss
suite_name=
jira_updater=com.qaprosoft.carina.core.foundation.jira.DefaultJiraUpdater
jira_url=
jira_user=
jira_password=
jira_suite_id=
jira_project=
jira_project_short=
jira_create_new_ticket=false
test_naming_pattern={method_name}
element_loading_strategy=BY_PRESENCE_OR_VISIBILITY
page_opening_strategy=BY_URL_AND_ELEMENT
forcibly_disable_driver_quit=false
testrail_run_name=
testrail_milestone=
testrail_assignee=
qtest_cycle_name=DailyAutomation
qtest_suite_name=
s3_bucket_name=
access_key_id=
secret_key=
s3_use_presign_url=false
s3_local_storage=.
appcenter_token=
appcenter_local_storage=.
add_new_localization=false
add_new_localization_encoding=utf-8
add_new_localization_path=
add_new_localization_property_name=new_custom_messages_
tls_keysecure_location=
health_check_class=
health_check_methods=
uninstall_related_apps=false
default_device_timezone=GMT
default_device_time_format=24
default_device_language=en_US
android_screen_record_size=
android_screen_record_bitrate=1000000
android_enable_bug_report=true
ios_screen_record_quality=MEDIUM
ios_screen_record_codec=libx264
ios_screen_record_fps=10
screen_record_duration=180
video_scale=-2:720
ignore_ssl=false
test_run_rules=
hub_mode=selenium
selenium_host=http://localhost:4444/wd/hub

------------- Driver capabilities -----------
================================================

2020-07-26 12:26:08 L10N [ERROR] Unable to use L10N resources yet using Java 9+!
2020-07-26 12:26:12 CarinaListener [INFO] Set thread_count=1
2020-07-26 12:26:12 CarinaListener [INFO] CARINA_CORE_VERSION: 6.4.38
2020-07-26 12:26:13 Messager [INFO]  TEST [carina_qa - testCreateAzureUser] STARTED at [12:26:13 2020-07-26]
2020-07-26 12:26:21 AbstractApiMethod [INFO] Request method:	POST
Request URI:	https://fakerestapi.azurewebsites.net/api/Users
Proxy:			<none>
Request params:	<none>
Query params:	<none>
Form params:	<none>
Path params:	<none>
Headers:		Accept=*/*
				Content-Type=application/json; charset=UTF-8
Cookies:		<none>
Multiparts:		<none>
Body:
{
    "UserName": "k-kudryavtseva",
    "Password": "root"
}
HTTP/1.1 200 OK
Cache-Control: no-cache
Pragma: no-cache
Content-Length: 171
Content-Type: application/json; charset=utf-8
Content-Encoding: gzip
Expires: -1
Vary: Accept-Encoding
Server: Microsoft-IIS/10.0
X-AspNet-Version: 4.0.30319
X-Powered-By: ASP.NET
Set-Cookie: ARRAffinity=cb4308daf0949850fad2bc32568054bec0fe12274c3f98e30180df1cb3df6576;Path=/;HttpOnly;Domain=fakerestapi.azurewebsites.net
Date: Sun, 26 Jul 2020 09:26:19 GMT

{
    "ID": 0,
    "UserName": "k-kudryavtseva",
    "Password": "root"
}

2020-07-26 12:26:22 Messager [ERROR]  TEST [carina_qa - testCreateAzureUser] FAILED at [12:26:22 2020-07-26] - Cannot construct instance of `com.solvd.carina.demo.api.bo.AzureUser` (no Creators, like default construct, exist): cannot deserialize from Object value (no delegate- or property-based Creator)
 at [Source: (String)"{"ID":0,"UserName":"k-kudryavtseva","Password":"root"}"; line: 1, column: 2]

com.fasterxml.jackson.databind.exc.InvalidDefinitionException.from(InvalidDefinitionException.java:67)
com.fasterxml.jackson.databind.DeserializationContext.reportBadDefinition(DeserializationContext.java:1452)
com.fasterxml.jackson.databind.DeserializationContext.handleMissingInstantiator(DeserializationContext.java:1028)
com.fasterxml.jackson.databind.deser.BeanDeserializerBase.deserializeFromObjectUsingNonDefault(BeanDeserializerBase.java:1297)
com.fasterxml.jackson.databind.deser.BeanDeserializer.deserializeFromObject(BeanDeserializer.java:326)
com.fasterxml.jackson.databind.deser.BeanDeserializer.deserialize(BeanDeserializer.java:159)
com.fasterxml.jackson.databind.ObjectMapper._readMapAndClose(ObjectMapper.java:4014)
com.fasterxml.jackson.databind.ObjectMapper.readValue(ObjectMapper.java:3005)
com.solvd.carina.demo.APISampleTestV2.testCreateAzureUser(APISampleTestV2.java:52)
java.base/jdk.internal.reflect.NativeMethodAccessorImpl.invoke0(Native Method)
java.base/jdk.internal.reflect.NativeMethodAccessorImpl.invoke(NativeMethodAccessorImpl.java:62)
java.base/jdk.internal.reflect.DelegatingMethodAccessorImpl.invoke(DelegatingMethodAccessorImpl.java:43)
java.base/java.lang.reflect.Method.invoke(Method.java:566)
org.testng.internal.MethodInvocationHelper.invokeMethod(MethodInvocationHelper.java:134)
org.testng.internal.TestInvoker.invokeMethod(TestInvoker.java:597)
org.testng.internal.TestInvoker.invokeTestMethod(TestInvoker.java:173)
org.testng.internal.MethodRunner.runInSequence(MethodRunner.java:46)
org.testng.internal.TestInvoker$MethodInvocationAgent.invoke(TestInvoker.java:816)
org.testng.internal.TestInvoker.invokeTestMethods(TestInvoker.java:146)
org.testng.internal.TestMethodWorker.invokeTestMethods(TestMethodWorker.java:146)
org.testng.internal.TestMethodWorker.run(TestMethodWorker.java:128)
java.base/java.util.ArrayList.forEach(ArrayList.java:1540)
org.testng.TestRunner.privateRun(TestRunner.java:766)
org.testng.TestRunner.run(TestRunner.java:587)
org.testng.SuiteRunner.runTest(SuiteRunner.java:384)
org.testng.SuiteRunner.runSequentially(SuiteRunner.java:378)
org.testng.SuiteRunner.privateRun(SuiteRunner.java:337)
org.testng.SuiteRunner.run(SuiteRunner.java:286)
org.testng.SuiteRunnerWorker.runSuite(SuiteRunnerWorker.java:53)
org.testng.SuiteRunnerWorker.run(SuiteRunnerWorker.java:96)
org.testng.TestNG.runSuitesSequentially(TestNG.java:1187)
org.testng.TestNG.runSuitesLocally(TestNG.java:1109)
org.testng.TestNG.runSuites(TestNG.java:1039)
org.testng.TestNG.run(TestNG.java:1007)
com.intellij.rt.testng.IDEARemoteTestNG.run(IDEARemoteTestNG.java:66)
com.intellij.rt.testng.RemoteTestNGStarter.main(RemoteTestNGStarter.java:110)
2020-07-26 12:26:22 Messager [INFO] INFO: '**************** Test execution summary ****************'.
2020-07-26 12:26:22 Messager [INFO] RESULT #1: TEST [carina_qa - testCreateAzureUser] FAIL [log=./1595755568095/4da3fdbd-5092-4b70-a8f6-43ee38317410/test.log]
2020-07-26 12:31:24 CarinaListener [INFO] 
============= Test configuration =============
url=https://www.gsmarena.com
env=DEMO
env_arg_resolver=com.qaprosoft.carina.core.foundation.utils.DefaultEnvArgResolver
browser=
browser_version=
browser_language=
selenium_host=http://localhost:4444/wd/hub
driver_event_listeners=
max_driver_count=3
custom_capabilities=
chrome_args=
chrome_experimental_opts=
chrome_mobile_emulation_opts=
firefox_args=
firefox_preferences=
app_version=
proxy_host=
proxy_port=
proxy_protocols=http,https,ftp
no_proxy=
browsermob_proxy=false
browsermob_host=
browsermob_port=0
browsermob_ports_range=
browsermob_disabled_mitm=false
proxy_set_to_system=false
report_url=
email_list=
failure_email_list=
track_known_issues=false
auto_screenshot=true
explicit_timeout=20
auto_download=false
auto_download_apps=
auto_download_folder=
custom_artifacts_folder=
retry_interval=5
project_report_directory=./reports/qa
max_screen_history=10
max_log_file_size=150
result_sorting=true
big_screen_width=-1
big_screen_height=-1
small_screen_width=90
small_screen_height=60
init_retry_count=0
init_retry_interval=1
retry_count=0
enable_l10n=true
l10n_encoding=ISO-8859-1
locale=en_US
thread_count=-1
data_provider_thread_count=1
core_log_level=INFO
core_log_packages=com.qaprosoft.carina.core
artifacts_expiration_seconds=2592000
log_all_json=true
date_format=HH:mm:ss yyyy-MM-dd
time_format=HH:mm:ss
suite_name=
jira_updater=com.qaprosoft.carina.core.foundation.jira.DefaultJiraUpdater
jira_url=
jira_user=
jira_password=
jira_suite_id=
jira_project=
jira_project_short=
jira_create_new_ticket=false
test_naming_pattern={method_name}
element_loading_strategy=BY_PRESENCE_OR_VISIBILITY
page_opening_strategy=BY_URL_AND_ELEMENT
forcibly_disable_driver_quit=false
testrail_run_name=
testrail_milestone=
testrail_assignee=
qtest_cycle_name=DailyAutomation
qtest_suite_name=
s3_bucket_name=
access_key_id=
secret_key=
s3_use_presign_url=false
s3_local_storage=.
appcenter_token=
appcenter_local_storage=.
add_new_localization=false
add_new_localization_encoding=utf-8
add_new_localization_path=
add_new_localization_property_name=new_custom_messages_
tls_keysecure_location=
health_check_class=
health_check_methods=
uninstall_related_apps=false
default_device_timezone=GMT
default_device_time_format=24
default_device_language=en_US
android_screen_record_size=
android_screen_record_bitrate=1000000
android_enable_bug_report=true
ios_screen_record_quality=MEDIUM
ios_screen_record_codec=libx264
ios_screen_record_fps=10
screen_record_duration=180
video_scale=-2:720
ignore_ssl=false
test_run_rules=
hub_mode=selenium
selenium_host=http://localhost:4444/wd/hub

------------- Driver capabilities -----------
================================================

2020-07-26 12:31:24 L10N [ERROR] Unable to use L10N resources yet using Java 9+!
2020-07-26 12:31:28 CarinaListener [INFO] Set thread_count=1
2020-07-26 12:31:28 CarinaListener [INFO] CARINA_CORE_VERSION: 6.4.38
2020-07-26 12:31:28 Messager [INFO]  TEST [carina_qa - testCreateAzureUser] STARTED at [12:31:28 2020-07-26]
2020-07-26 12:31:38 AbstractApiMethod [INFO] Request method:	POST
Request URI:	https://fakerestapi.azurewebsites.net/api/Users
Proxy:			<none>
Request params:	<none>
Query params:	<none>
Form params:	<none>
Path params:	<none>
Headers:		Accept=*/*
				Content-Type=application/json; charset=UTF-8
Cookies:		<none>
Multiparts:		<none>
Body:
{
    "UserName": "k-kudryavtseva",
    "Password": "root"
}
HTTP/1.1 200 OK
Cache-Control: no-cache
Pragma: no-cache
Content-Length: 171
Content-Type: application/json; charset=utf-8
Content-Encoding: gzip
Expires: -1
Vary: Accept-Encoding
Server: Microsoft-IIS/10.0
X-AspNet-Version: 4.0.30319
X-Powered-By: ASP.NET
Set-Cookie: ARRAffinity=cb4308daf0949850fad2bc32568054bec0fe12274c3f98e30180df1cb3df6576;Path=/;HttpOnly;Domain=fakerestapi.azurewebsites.net
Date: Sun, 26 Jul 2020 09:31:36 GMT

{
    "ID": 0,
    "UserName": "k-kudryavtseva",
    "Password": "root"
}

2020-07-26 12:31:38 Messager [ERROR]  TEST [carina_qa - testCreateAzureUser] FAILED at [12:31:38 2020-07-26] - Cannot construct instance of `com.solvd.carina.demo.api.bo.AzureUser` (no Creators, like default construct, exist): cannot deserialize from Object value (no delegate- or property-based Creator)
 at [Source: (String)"{"ID":0,"UserName":"k-kudryavtseva","Password":"root"}"; line: 1, column: 2]

com.fasterxml.jackson.databind.exc.InvalidDefinitionException.from(InvalidDefinitionException.java:67)
com.fasterxml.jackson.databind.DeserializationContext.reportBadDefinition(DeserializationContext.java:1452)
com.fasterxml.jackson.databind.DeserializationContext.handleMissingInstantiator(DeserializationContext.java:1028)
com.fasterxml.jackson.databind.deser.BeanDeserializerBase.deserializeFromObjectUsingNonDefault(BeanDeserializerBase.java:1297)
com.fasterxml.jackson.databind.deser.BeanDeserializer.deserializeFromObject(BeanDeserializer.java:326)
com.fasterxml.jackson.databind.deser.BeanDeserializer.deserialize(BeanDeserializer.java:159)
com.fasterxml.jackson.databind.ObjectMapper._readMapAndClose(ObjectMapper.java:4014)
com.fasterxml.jackson.databind.ObjectMapper.readValue(ObjectMapper.java:3005)
com.solvd.carina.demo.APISampleTestV2.testCreateAzureUser(APISampleTestV2.java:52)
java.base/jdk.internal.reflect.NativeMethodAccessorImpl.invoke0(Native Method)
java.base/jdk.internal.reflect.NativeMethodAccessorImpl.invoke(NativeMethodAccessorImpl.java:62)
java.base/jdk.internal.reflect.DelegatingMethodAccessorImpl.invoke(DelegatingMethodAccessorImpl.java:43)
java.base/java.lang.reflect.Method.invoke(Method.java:566)
org.testng.internal.MethodInvocationHelper.invokeMethod(MethodInvocationHelper.java:134)
org.testng.internal.TestInvoker.invokeMethod(TestInvoker.java:597)
org.testng.internal.TestInvoker.invokeTestMethod(TestInvoker.java:173)
org.testng.internal.MethodRunner.runInSequence(MethodRunner.java:46)
org.testng.internal.TestInvoker$MethodInvocationAgent.invoke(TestInvoker.java:816)
org.testng.internal.TestInvoker.invokeTestMethods(TestInvoker.java:146)
org.testng.internal.TestMethodWorker.invokeTestMethods(TestMethodWorker.java:146)
org.testng.internal.TestMethodWorker.run(TestMethodWorker.java:128)
java.base/java.util.ArrayList.forEach(ArrayList.java:1540)
org.testng.TestRunner.privateRun(TestRunner.java:766)
org.testng.TestRunner.run(TestRunner.java:587)
org.testng.SuiteRunner.runTest(SuiteRunner.java:384)
org.testng.SuiteRunner.runSequentially(SuiteRunner.java:378)
org.testng.SuiteRunner.privateRun(SuiteRunner.java:337)
org.testng.SuiteRunner.run(SuiteRunner.java:286)
org.testng.SuiteRunnerWorker.runSuite(SuiteRunnerWorker.java:53)
org.testng.SuiteRunnerWorker.run(SuiteRunnerWorker.java:96)
org.testng.TestNG.runSuitesSequentially(TestNG.java:1187)
org.testng.TestNG.runSuitesLocally(TestNG.java:1109)
org.testng.TestNG.runSuites(TestNG.java:1039)
org.testng.TestNG.run(TestNG.java:1007)
com.intellij.rt.testng.IDEARemoteTestNG.run(IDEARemoteTestNG.java:66)
com.intellij.rt.testng.RemoteTestNGStarter.main(RemoteTestNGStarter.java:110)
2020-07-26 12:31:38 Messager [INFO] INFO: '**************** Test execution summary ****************'.
2020-07-26 12:31:38 Messager [INFO] RESULT #1: TEST [carina_qa - testCreateAzureUser] FAIL [log=./1595755884833/cf1b1c7d-bcdf-4096-9064-0171f33b9a53/test.log]
2020-07-26 12:32:54 CarinaListener [INFO] 
============= Test configuration =============
url=https://www.gsmarena.com
env=DEMO
env_arg_resolver=com.qaprosoft.carina.core.foundation.utils.DefaultEnvArgResolver
browser=
browser_version=
browser_language=
selenium_host=http://localhost:4444/wd/hub
driver_event_listeners=
max_driver_count=3
custom_capabilities=
chrome_args=
chrome_experimental_opts=
chrome_mobile_emulation_opts=
firefox_args=
firefox_preferences=
app_version=
proxy_host=
proxy_port=
proxy_protocols=http,https,ftp
no_proxy=
browsermob_proxy=false
browsermob_host=
browsermob_port=0
browsermob_ports_range=
browsermob_disabled_mitm=false
proxy_set_to_system=false
report_url=
email_list=
failure_email_list=
track_known_issues=false
auto_screenshot=true
explicit_timeout=20
auto_download=false
auto_download_apps=
auto_download_folder=
custom_artifacts_folder=
retry_interval=5
project_report_directory=./reports/qa
max_screen_history=10
max_log_file_size=150
result_sorting=true
big_screen_width=-1
big_screen_height=-1
small_screen_width=90
small_screen_height=60
init_retry_count=0
init_retry_interval=1
retry_count=0
enable_l10n=true
l10n_encoding=ISO-8859-1
locale=en_US
thread_count=-1
data_provider_thread_count=1
core_log_level=INFO
core_log_packages=com.qaprosoft.carina.core
artifacts_expiration_seconds=2592000
log_all_json=true
date_format=HH:mm:ss yyyy-MM-dd
time_format=HH:mm:ss
suite_name=
jira_updater=com.qaprosoft.carina.core.foundation.jira.DefaultJiraUpdater
jira_url=
jira_user=
jira_password=
jira_suite_id=
jira_project=
jira_project_short=
jira_create_new_ticket=false
test_naming_pattern={method_name}
element_loading_strategy=BY_PRESENCE_OR_VISIBILITY
page_opening_strategy=BY_URL_AND_ELEMENT
forcibly_disable_driver_quit=false
testrail_run_name=
testrail_milestone=
testrail_assignee=
qtest_cycle_name=DailyAutomation
qtest_suite_name=
s3_bucket_name=
access_key_id=
secret_key=
s3_use_presign_url=false
s3_local_storage=.
appcenter_token=
appcenter_local_storage=.
add_new_localization=false
add_new_localization_encoding=utf-8
add_new_localization_path=
add_new_localization_property_name=new_custom_messages_
tls_keysecure_location=
health_check_class=
health_check_methods=
uninstall_related_apps=false
default_device_timezone=GMT
default_device_time_format=24
default_device_language=en_US
android_screen_record_size=
android_screen_record_bitrate=1000000
android_enable_bug_report=true
ios_screen_record_quality=MEDIUM
ios_screen_record_codec=libx264
ios_screen_record_fps=10
screen_record_duration=180
video_scale=-2:720
ignore_ssl=false
test_run_rules=
hub_mode=selenium
selenium_host=http://localhost:4444/wd/hub

------------- Driver capabilities -----------
================================================

2020-07-26 12:32:55 L10N [ERROR] Unable to use L10N resources yet using Java 9+!
2020-07-26 12:32:56 CarinaListener [INFO] Set thread_count=1
2020-07-26 12:32:56 CarinaListener [INFO] CARINA_CORE_VERSION: 6.4.38
2020-07-26 12:32:56 Messager [INFO]  TEST [carina_qa - testCreateAzureUser] STARTED at [12:32:56 2020-07-26]
2020-07-26 12:33:02 AbstractApiMethod [INFO] Request method:	POST
Request URI:	https://fakerestapi.azurewebsites.net/api/Users
Proxy:			<none>
Request params:	<none>
Query params:	<none>
Form params:	<none>
Path params:	<none>
Headers:		Accept=*/*
				Content-Type=application/json; charset=UTF-8
Cookies:		<none>
Multiparts:		<none>
Body:
{
    "UserName": "k-kudryavtseva",
    "Password": "root"
}
HTTP/1.1 200 OK
Cache-Control: no-cache
Pragma: no-cache
Content-Length: 171
Content-Type: application/json; charset=utf-8
Content-Encoding: gzip
Expires: -1
Vary: Accept-Encoding
Server: Microsoft-IIS/10.0
X-AspNet-Version: 4.0.30319
X-Powered-By: ASP.NET
Set-Cookie: ARRAffinity=cb4308daf0949850fad2bc32568054bec0fe12274c3f98e30180df1cb3df6576;Path=/;HttpOnly;Domain=fakerestapi.azurewebsites.net
Date: Sun, 26 Jul 2020 09:33:00 GMT

{
    "ID": 0,
    "UserName": "k-kudryavtseva",
    "Password": "root"
}

2020-07-26 12:33:02 Messager [ERROR]  TEST [carina_qa - testCreateAzureUser] FAILED at [12:33:02 2020-07-26] - Cannot construct instance of `com.solvd.carina.demo.api.bo.AzureUser` (no Creators, like default construct, exist): cannot deserialize from Object value (no delegate- or property-based Creator)
 at [Source: (String)"{"ID":0,"UserName":"k-kudryavtseva","Password":"root"}"; line: 1, column: 2]

com.fasterxml.jackson.databind.exc.InvalidDefinitionException.from(InvalidDefinitionException.java:67)
com.fasterxml.jackson.databind.DeserializationContext.reportBadDefinition(DeserializationContext.java:1452)
com.fasterxml.jackson.databind.DeserializationContext.handleMissingInstantiator(DeserializationContext.java:1028)
com.fasterxml.jackson.databind.deser.BeanDeserializerBase.deserializeFromObjectUsingNonDefault(BeanDeserializerBase.java:1297)
com.fasterxml.jackson.databind.deser.BeanDeserializer.deserializeFromObject(BeanDeserializer.java:326)
com.fasterxml.jackson.databind.deser.BeanDeserializer.deserialize(BeanDeserializer.java:159)
com.fasterxml.jackson.databind.ObjectMapper._readMapAndClose(ObjectMapper.java:4014)
com.fasterxml.jackson.databind.ObjectMapper.readValue(ObjectMapper.java:3005)
com.solvd.carina.demo.APISampleTestV2.testCreateAzureUser(APISampleTestV2.java:53)
java.base/jdk.internal.reflect.NativeMethodAccessorImpl.invoke0(Native Method)
java.base/jdk.internal.reflect.NativeMethodAccessorImpl.invoke(NativeMethodAccessorImpl.java:62)
java.base/jdk.internal.reflect.DelegatingMethodAccessorImpl.invoke(DelegatingMethodAccessorImpl.java:43)
java.base/java.lang.reflect.Method.invoke(Method.java:566)
org.testng.internal.MethodInvocationHelper.invokeMethod(MethodInvocationHelper.java:134)
org.testng.internal.TestInvoker.invokeMethod(TestInvoker.java:597)
org.testng.internal.TestInvoker.invokeTestMethod(TestInvoker.java:173)
org.testng.internal.MethodRunner.runInSequence(MethodRunner.java:46)
org.testng.internal.TestInvoker$MethodInvocationAgent.invoke(TestInvoker.java:816)
org.testng.internal.TestInvoker.invokeTestMethods(TestInvoker.java:146)
org.testng.internal.TestMethodWorker.invokeTestMethods(TestMethodWorker.java:146)
org.testng.internal.TestMethodWorker.run(TestMethodWorker.java:128)
java.base/java.util.ArrayList.forEach(ArrayList.java:1540)
org.testng.TestRunner.privateRun(TestRunner.java:766)
org.testng.TestRunner.run(TestRunner.java:587)
org.testng.SuiteRunner.runTest(SuiteRunner.java:384)
org.testng.SuiteRunner.runSequentially(SuiteRunner.java:378)
org.testng.SuiteRunner.privateRun(SuiteRunner.java:337)
org.testng.SuiteRunner.run(SuiteRunner.java:286)
org.testng.SuiteRunnerWorker.runSuite(SuiteRunnerWorker.java:53)
org.testng.SuiteRunnerWorker.run(SuiteRunnerWorker.java:96)
org.testng.TestNG.runSuitesSequentially(TestNG.java:1187)
org.testng.TestNG.runSuitesLocally(TestNG.java:1109)
org.testng.TestNG.runSuites(TestNG.java:1039)
org.testng.TestNG.run(TestNG.java:1007)
com.intellij.rt.testng.IDEARemoteTestNG.run(IDEARemoteTestNG.java:66)
com.intellij.rt.testng.RemoteTestNGStarter.main(RemoteTestNGStarter.java:110)
2020-07-26 12:33:02 Messager [INFO] INFO: '**************** Test execution summary ****************'.
2020-07-26 12:33:02 Messager [INFO] RESULT #1: TEST [carina_qa - testCreateAzureUser] FAIL [log=./1595755974958/c149a2a7-2388-4a86-a133-740af555ba81/test.log]
2020-07-26 12:45:41 CarinaListener [INFO] 
============= Test configuration =============
url=https://www.gsmarena.com
env=DEMO
env_arg_resolver=com.qaprosoft.carina.core.foundation.utils.DefaultEnvArgResolver
browser=
browser_version=
browser_language=
selenium_host=http://localhost:4444/wd/hub
driver_event_listeners=
max_driver_count=3
custom_capabilities=
chrome_args=
chrome_experimental_opts=
chrome_mobile_emulation_opts=
firefox_args=
firefox_preferences=
app_version=
proxy_host=
proxy_port=
proxy_protocols=http,https,ftp
no_proxy=
browsermob_proxy=false
browsermob_host=
browsermob_port=0
browsermob_ports_range=
browsermob_disabled_mitm=false
proxy_set_to_system=false
report_url=
email_list=
failure_email_list=
track_known_issues=false
auto_screenshot=true
explicit_timeout=20
auto_download=false
auto_download_apps=
auto_download_folder=
custom_artifacts_folder=
retry_interval=5
project_report_directory=./reports/qa
max_screen_history=10
max_log_file_size=150
result_sorting=true
big_screen_width=-1
big_screen_height=-1
small_screen_width=90
small_screen_height=60
init_retry_count=0
init_retry_interval=1
retry_count=0
enable_l10n=true
l10n_encoding=ISO-8859-1
locale=en_US
thread_count=-1
data_provider_thread_count=1
core_log_level=INFO
core_log_packages=com.qaprosoft.carina.core
artifacts_expiration_seconds=2592000
log_all_json=true
date_format=HH:mm:ss yyyy-MM-dd
time_format=HH:mm:ss
suite_name=
jira_updater=com.qaprosoft.carina.core.foundation.jira.DefaultJiraUpdater
jira_url=
jira_user=
jira_password=
jira_suite_id=
jira_project=
jira_project_short=
jira_create_new_ticket=false
test_naming_pattern={method_name}
element_loading_strategy=BY_PRESENCE_OR_VISIBILITY
page_opening_strategy=BY_URL_AND_ELEMENT
forcibly_disable_driver_quit=false
testrail_run_name=
testrail_milestone=
testrail_assignee=
qtest_cycle_name=DailyAutomation
qtest_suite_name=
s3_bucket_name=
access_key_id=
secret_key=
s3_use_presign_url=false
s3_local_storage=.
appcenter_token=
appcenter_local_storage=.
add_new_localization=false
add_new_localization_encoding=utf-8
add_new_localization_path=
add_new_localization_property_name=new_custom_messages_
tls_keysecure_location=
health_check_class=
health_check_methods=
uninstall_related_apps=false
default_device_timezone=GMT
default_device_time_format=24
default_device_language=en_US
android_screen_record_size=
android_screen_record_bitrate=1000000
android_enable_bug_report=true
ios_screen_record_quality=MEDIUM
ios_screen_record_codec=libx264
ios_screen_record_fps=10
screen_record_duration=180
video_scale=-2:720
ignore_ssl=false
test_run_rules=
hub_mode=selenium
selenium_host=http://localhost:4444/wd/hub

------------- Driver capabilities -----------
================================================

2020-07-26 12:45:42 L10N [ERROR] Unable to use L10N resources yet using Java 9+!
2020-07-26 12:45:45 CarinaListener [INFO] Set thread_count=1
2020-07-26 12:45:45 CarinaListener [INFO] CARINA_CORE_VERSION: 6.4.38
2020-07-26 12:45:45 Messager [INFO]  TEST [carina_qa - testCreateAzureUser] STARTED at [12:45:45 2020-07-26]
2020-07-26 12:45:50 AbstractApiMethod [INFO] Request method:	POST
Request URI:	https://fakerestapi.azurewebsites.net/api/Users
Proxy:			<none>
Request params:	<none>
Query params:	<none>
Form params:	<none>
Path params:	<none>
Headers:		Accept=*/*
				Content-Type=application/json; charset=UTF-8
Cookies:		<none>
Multiparts:		<none>
Body:
{
    "UserName": "k-kudryavtseva",
    "Password": "root"
}
HTTP/1.1 200 OK
Cache-Control: no-cache
Pragma: no-cache
Content-Length: 171
Content-Type: application/json; charset=utf-8
Content-Encoding: gzip
Expires: -1
Vary: Accept-Encoding
Server: Microsoft-IIS/10.0
X-AspNet-Version: 4.0.30319
X-Powered-By: ASP.NET
Set-Cookie: ARRAffinity=cb4308daf0949850fad2bc32568054bec0fe12274c3f98e30180df1cb3df6576;Path=/;HttpOnly;Domain=fakerestapi.azurewebsites.net
Date: Sun, 26 Jul 2020 09:45:49 GMT

{
    "ID": 0,
    "UserName": "k-kudryavtseva",
    "Password": "root"
}

2020-07-26 12:45:51 Messager [ERROR]  TEST [carina_qa - testCreateAzureUser] FAILED at [12:45:51 2020-07-26] - Cannot construct instance of `com.solvd.carina.demo.api.bo.AzureUser` (no Creators, like default construct, exist): cannot deserialize from Object value (no delegate- or property-based Creator)
 at [Source: (String)"{"ID":0,"UserName":"k-kudryavtseva","Password":"root"}"; line: 1, column: 2]

com.fasterxml.jackson.databind.exc.InvalidDefinitionException.from(InvalidDefinitionException.java:67)
com.fasterxml.jackson.databind.DeserializationContext.reportBadDefinition(DeserializationContext.java:1452)
com.fasterxml.jackson.databind.DeserializationContext.handleMissingInstantiator(DeserializationContext.java:1028)
com.fasterxml.jackson.databind.deser.BeanDeserializerBase.deserializeFromObjectUsingNonDefault(BeanDeserializerBase.java:1297)
com.fasterxml.jackson.databind.deser.BeanDeserializer.deserializeFromObject(BeanDeserializer.java:326)
com.fasterxml.jackson.databind.deser.BeanDeserializer.deserialize(BeanDeserializer.java:159)
com.fasterxml.jackson.databind.ObjectMapper._readMapAndClose(ObjectMapper.java:4014)
com.fasterxml.jackson.databind.ObjectMapper.readValue(ObjectMapper.java:3005)
com.solvd.carina.demo.APISampleTestV2.testCreateAzureUser(APISampleTestV2.java:52)
java.base/jdk.internal.reflect.NativeMethodAccessorImpl.invoke0(Native Method)
java.base/jdk.internal.reflect.NativeMethodAccessorImpl.invoke(NativeMethodAccessorImpl.java:62)
java.base/jdk.internal.reflect.DelegatingMethodAccessorImpl.invoke(DelegatingMethodAccessorImpl.java:43)
java.base/java.lang.reflect.Method.invoke(Method.java:566)
org.testng.internal.MethodInvocationHelper.invokeMethod(MethodInvocationHelper.java:134)
org.testng.internal.TestInvoker.invokeMethod(TestInvoker.java:597)
org.testng.internal.TestInvoker.invokeTestMethod(TestInvoker.java:173)
org.testng.internal.MethodRunner.runInSequence(MethodRunner.java:46)
org.testng.internal.TestInvoker$MethodInvocationAgent.invoke(TestInvoker.java:816)
org.testng.internal.TestInvoker.invokeTestMethods(TestInvoker.java:146)
org.testng.internal.TestMethodWorker.invokeTestMethods(TestMethodWorker.java:146)
org.testng.internal.TestMethodWorker.run(TestMethodWorker.java:128)
java.base/java.util.ArrayList.forEach(ArrayList.java:1540)
org.testng.TestRunner.privateRun(TestRunner.java:766)
org.testng.TestRunner.run(TestRunner.java:587)
org.testng.SuiteRunner.runTest(SuiteRunner.java:384)
org.testng.SuiteRunner.runSequentially(SuiteRunner.java:378)
org.testng.SuiteRunner.privateRun(SuiteRunner.java:337)
org.testng.SuiteRunner.run(SuiteRunner.java:286)
org.testng.SuiteRunnerWorker.runSuite(SuiteRunnerWorker.java:53)
org.testng.SuiteRunnerWorker.run(SuiteRunnerWorker.java:96)
org.testng.TestNG.runSuitesSequentially(TestNG.java:1187)
org.testng.TestNG.runSuitesLocally(TestNG.java:1109)
org.testng.TestNG.runSuites(TestNG.java:1039)
org.testng.TestNG.run(TestNG.java:1007)
com.intellij.rt.testng.IDEARemoteTestNG.run(IDEARemoteTestNG.java:66)
com.intellij.rt.testng.RemoteTestNGStarter.main(RemoteTestNGStarter.java:110)
2020-07-26 12:45:51 Messager [INFO] INFO: '**************** Test execution summary ****************'.
2020-07-26 12:45:51 Messager [INFO] RESULT #1: TEST [carina_qa - testCreateAzureUser] FAIL [log=./1595756742028/c535c777-47e9-4a60-ac5e-342d9b858b31/test.log]
2020-07-26 14:19:55 CarinaListener [INFO] 
============= Test configuration =============
url=https://www.gsmarena.com
env=DEMO
env_arg_resolver=com.qaprosoft.carina.core.foundation.utils.DefaultEnvArgResolver
browser=
browser_version=
browser_language=
selenium_host=http://localhost:4444/wd/hub
driver_event_listeners=
max_driver_count=3
custom_capabilities=
chrome_args=
chrome_experimental_opts=
chrome_mobile_emulation_opts=
firefox_args=
firefox_preferences=
app_version=
proxy_host=
proxy_port=
proxy_protocols=http,https,ftp
no_proxy=
browsermob_proxy=false
browsermob_host=
browsermob_port=0
browsermob_ports_range=
browsermob_disabled_mitm=false
proxy_set_to_system=false
report_url=
email_list=
failure_email_list=
track_known_issues=false
auto_screenshot=true
explicit_timeout=20
auto_download=false
auto_download_apps=
auto_download_folder=
custom_artifacts_folder=
retry_interval=5
project_report_directory=./reports/qa
max_screen_history=10
max_log_file_size=150
result_sorting=true
big_screen_width=-1
big_screen_height=-1
small_screen_width=90
small_screen_height=60
init_retry_count=0
init_retry_interval=1
retry_count=0
enable_l10n=true
l10n_encoding=ISO-8859-1
locale=en_US
thread_count=-1
data_provider_thread_count=1
core_log_level=INFO
core_log_packages=com.qaprosoft.carina.core
artifacts_expiration_seconds=2592000
log_all_json=true
date_format=HH:mm:ss yyyy-MM-dd
time_format=HH:mm:ss
suite_name=
jira_updater=com.qaprosoft.carina.core.foundation.jira.DefaultJiraUpdater
jira_url=
jira_user=
jira_password=
jira_suite_id=
jira_project=
jira_project_short=
jira_create_new_ticket=false
test_naming_pattern={method_name}
element_loading_strategy=BY_PRESENCE_OR_VISIBILITY
page_opening_strategy=BY_URL_AND_ELEMENT
forcibly_disable_driver_quit=false
testrail_run_name=
testrail_milestone=
testrail_assignee=
qtest_cycle_name=DailyAutomation
qtest_suite_name=
s3_bucket_name=
access_key_id=
secret_key=
s3_use_presign_url=false
s3_local_storage=.
appcenter_token=
appcenter_local_storage=.
add_new_localization=false
add_new_localization_encoding=utf-8
add_new_localization_path=
add_new_localization_property_name=new_custom_messages_
tls_keysecure_location=
health_check_class=
health_check_methods=
uninstall_related_apps=false
default_device_timezone=GMT
default_device_time_format=24
default_device_language=en_US
android_screen_record_size=
android_screen_record_bitrate=1000000
android_enable_bug_report=true
ios_screen_record_quality=MEDIUM
ios_screen_record_codec=libx264
ios_screen_record_fps=10
screen_record_duration=180
video_scale=-2:720
ignore_ssl=false
test_run_rules=
hub_mode=selenium
selenium_host=http://localhost:4444/wd/hub

------------- Driver capabilities -----------
================================================

2020-07-26 14:19:55 L10N [ERROR] Unable to use L10N resources yet using Java 9+!
2020-07-26 14:20:01 CarinaListener [INFO] Set thread_count=1
2020-07-26 14:20:01 CarinaListener [INFO] CARINA_CORE_VERSION: 6.4.38
2020-07-26 14:20:02 Messager [INFO]  TEST [carina_qa - testCreateAzureUser] STARTED at [14:20:02 2020-07-26]
2020-07-26 14:20:06 AbstractApiMethod [INFO] Request method:	POST
Request URI:	https://fakerestapi.azurewebsites.net/api/Users
Proxy:			<none>
Request params:	<none>
Query params:	<none>
Form params:	<none>
Path params:	<none>
Headers:		Accept=*/*
				Content-Type=application/json; charset=UTF-8
Cookies:		<none>
Multiparts:		<none>
Body:
{
    "UserName": "k-kudryavtseva",
    "Password": "root"
}
HTTP/1.1 200 OK
Cache-Control: no-cache
Pragma: no-cache
Content-Length: 171
Content-Type: application/json; charset=utf-8
Content-Encoding: gzip
Expires: -1
Vary: Accept-Encoding
Server: Microsoft-IIS/10.0
X-AspNet-Version: 4.0.30319
X-Powered-By: ASP.NET
Set-Cookie: ARRAffinity=cb4308daf0949850fad2bc32568054bec0fe12274c3f98e30180df1cb3df6576;Path=/;HttpOnly;Domain=fakerestapi.azurewebsites.net
Date: Sun, 26 Jul 2020 11:20:04 GMT

{
    "ID": 0,
    "UserName": "k-kudryavtseva",
    "Password": "root"
}

2020-07-26 14:20:06 Messager [ERROR]  TEST [carina_qa - testCreateAzureUser] FAILED at [14:20:06 2020-07-26] - Cannot construct instance of `com.solvd.carina.demo.api.bo.AzureUser` (no Creators, like default construct, exist): cannot deserialize from Object value (no delegate- or property-based Creator)
 at [Source: (String)"{"ID":0,"UserName":"k-kudryavtseva","Password":"root"}"; line: 1, column: 2]

com.fasterxml.jackson.databind.exc.InvalidDefinitionException.from(InvalidDefinitionException.java:67)
com.fasterxml.jackson.databind.DeserializationContext.reportBadDefinition(DeserializationContext.java:1452)
com.fasterxml.jackson.databind.DeserializationContext.handleMissingInstantiator(DeserializationContext.java:1028)
com.fasterxml.jackson.databind.deser.BeanDeserializerBase.deserializeFromObjectUsingNonDefault(BeanDeserializerBase.java:1297)
com.fasterxml.jackson.databind.deser.BeanDeserializer.deserializeFromObject(BeanDeserializer.java:326)
com.fasterxml.jackson.databind.deser.BeanDeserializer.deserialize(BeanDeserializer.java:159)
com.fasterxml.jackson.databind.ObjectMapper._readMapAndClose(ObjectMapper.java:4014)
com.fasterxml.jackson.databind.ObjectMapper.readValue(ObjectMapper.java:3005)
com.solvd.carina.demo.APISampleTestV2.testCreateAzureUser(APISampleTestV2.java:52)
java.base/jdk.internal.reflect.NativeMethodAccessorImpl.invoke0(Native Method)
java.base/jdk.internal.reflect.NativeMethodAccessorImpl.invoke(NativeMethodAccessorImpl.java:62)
java.base/jdk.internal.reflect.DelegatingMethodAccessorImpl.invoke(DelegatingMethodAccessorImpl.java:43)
java.base/java.lang.reflect.Method.invoke(Method.java:566)
org.testng.internal.MethodInvocationHelper.invokeMethod(MethodInvocationHelper.java:134)
org.testng.internal.TestInvoker.invokeMethod(TestInvoker.java:597)
org.testng.internal.TestInvoker.invokeTestMethod(TestInvoker.java:173)
org.testng.internal.MethodRunner.runInSequence(MethodRunner.java:46)
org.testng.internal.TestInvoker$MethodInvocationAgent.invoke(TestInvoker.java:816)
org.testng.internal.TestInvoker.invokeTestMethods(TestInvoker.java:146)
org.testng.internal.TestMethodWorker.invokeTestMethods(TestMethodWorker.java:146)
org.testng.internal.TestMethodWorker.run(TestMethodWorker.java:128)
java.base/java.util.ArrayList.forEach(ArrayList.java:1540)
org.testng.TestRunner.privateRun(TestRunner.java:766)
org.testng.TestRunner.run(TestRunner.java:587)
org.testng.SuiteRunner.runTest(SuiteRunner.java:384)
org.testng.SuiteRunner.runSequentially(SuiteRunner.java:378)
org.testng.SuiteRunner.privateRun(SuiteRunner.java:337)
org.testng.SuiteRunner.run(SuiteRunner.java:286)
org.testng.SuiteRunnerWorker.runSuite(SuiteRunnerWorker.java:53)
org.testng.SuiteRunnerWorker.run(SuiteRunnerWorker.java:96)
org.testng.TestNG.runSuitesSequentially(TestNG.java:1187)
org.testng.TestNG.runSuitesLocally(TestNG.java:1109)
org.testng.TestNG.runSuites(TestNG.java:1039)
org.testng.TestNG.run(TestNG.java:1007)
com.intellij.rt.testng.IDEARemoteTestNG.run(IDEARemoteTestNG.java:66)
com.intellij.rt.testng.RemoteTestNGStarter.main(RemoteTestNGStarter.java:110)
2020-07-26 14:20:06 Messager [INFO] INFO: '**************** Test execution summary ****************'.
2020-07-26 14:20:06 Messager [INFO] RESULT #1: TEST [carina_qa - testCreateAzureUser] FAIL [log=./1595762395435/5ae919c5-a732-49bf-9104-2cb7cd76c490/test.log]
2020-07-26 14:37:18 CarinaListener [INFO] 
============= Test configuration =============
url=https://www.gsmarena.com
env=DEMO
env_arg_resolver=com.qaprosoft.carina.core.foundation.utils.DefaultEnvArgResolver
browser=
browser_version=
browser_language=
selenium_host=http://localhost:4444/wd/hub
driver_event_listeners=
max_driver_count=3
custom_capabilities=
chrome_args=
chrome_experimental_opts=
chrome_mobile_emulation_opts=
firefox_args=
firefox_preferences=
app_version=
proxy_host=
proxy_port=
proxy_protocols=http,https,ftp
no_proxy=
browsermob_proxy=false
browsermob_host=
browsermob_port=0
browsermob_ports_range=
browsermob_disabled_mitm=false
proxy_set_to_system=false
report_url=
email_list=
failure_email_list=
track_known_issues=false
auto_screenshot=true
explicit_timeout=20
auto_download=false
auto_download_apps=
auto_download_folder=
custom_artifacts_folder=
retry_interval=5
project_report_directory=./reports/qa
max_screen_history=10
max_log_file_size=150
result_sorting=true
big_screen_width=-1
big_screen_height=-1
small_screen_width=90
small_screen_height=60
init_retry_count=0
init_retry_interval=1
retry_count=0
enable_l10n=true
l10n_encoding=ISO-8859-1
locale=en_US
thread_count=-1
data_provider_thread_count=1
core_log_level=INFO
core_log_packages=com.qaprosoft.carina.core
artifacts_expiration_seconds=2592000
log_all_json=true
date_format=HH:mm:ss yyyy-MM-dd
time_format=HH:mm:ss
suite_name=
jira_updater=com.qaprosoft.carina.core.foundation.jira.DefaultJiraUpdater
jira_url=
jira_user=
jira_password=
jira_suite_id=
jira_project=
jira_project_short=
jira_create_new_ticket=false
test_naming_pattern={method_name}
element_loading_strategy=BY_PRESENCE_OR_VISIBILITY
page_opening_strategy=BY_URL_AND_ELEMENT
forcibly_disable_driver_quit=false
testrail_run_name=
testrail_milestone=
testrail_assignee=
qtest_cycle_name=DailyAutomation
qtest_suite_name=
s3_bucket_name=
access_key_id=
secret_key=
s3_use_presign_url=false
s3_local_storage=.
appcenter_token=
appcenter_local_storage=.
add_new_localization=false
add_new_localization_encoding=utf-8
add_new_localization_path=
add_new_localization_property_name=new_custom_messages_
tls_keysecure_location=
health_check_class=
health_check_methods=
uninstall_related_apps=false
default_device_timezone=GMT
default_device_time_format=24
default_device_language=en_US
android_screen_record_size=
android_screen_record_bitrate=1000000
android_enable_bug_report=true
ios_screen_record_quality=MEDIUM
ios_screen_record_codec=libx264
ios_screen_record_fps=10
screen_record_duration=180
video_scale=-2:720
ignore_ssl=false
test_run_rules=
hub_mode=selenium
selenium_host=http://localhost:4444/wd/hub

------------- Driver capabilities -----------
================================================

2020-07-26 14:37:18 L10N [ERROR] Unable to use L10N resources yet using Java 9+!
2020-07-26 14:37:21 CarinaListener [INFO] Set thread_count=1
2020-07-26 14:37:21 CarinaListener [INFO] CARINA_CORE_VERSION: 6.4.38
2020-07-26 14:37:21 Messager [INFO]  TEST [carina_qa - testCreateAzureUser] STARTED at [14:37:21 2020-07-26]
2020-07-26 14:37:25 AbstractApiMethod [INFO] Request method:	POST
Request URI:	https://fakerestapi.azurewebsites.net/api/Users
Proxy:			<none>
Request params:	<none>
Query params:	<none>
Form params:	<none>
Path params:	<none>
Headers:		Accept=*/*
				Content-Type=application/json; charset=UTF-8
Cookies:		<none>
Multiparts:		<none>
Body:
{
    "UserName": "k-kudryavtseva",
    "Password": "root"
}
HTTP/1.1 200 OK
Cache-Control: no-cache
Pragma: no-cache
Content-Length: 171
Content-Type: application/json; charset=utf-8
Content-Encoding: gzip
Expires: -1
Vary: Accept-Encoding
Server: Microsoft-IIS/10.0
X-AspNet-Version: 4.0.30319
X-Powered-By: ASP.NET
Set-Cookie: ARRAffinity=cb4308daf0949850fad2bc32568054bec0fe12274c3f98e30180df1cb3df6576;Path=/;HttpOnly;Domain=fakerestapi.azurewebsites.net
Date: Sun, 26 Jul 2020 11:37:22 GMT

{
    "ID": 0,
    "UserName": "k-kudryavtseva",
    "Password": "root"
}

2020-07-26 14:37:25 Messager [INFO]  TEST [carina_qa - testCreateAzureUser] PASSED at [14:37:25 2020-07-26]
2020-07-26 14:37:25 Messager [INFO] INFO: '**************** Test execution summary ****************'.
2020-07-26 14:37:25 Messager [INFO] RESULT #1: TEST [carina_qa - testCreateAzureUser] PASS [log=./1595763438655/53197609-eb96-4a3a-8c2a-f9dda04724ee/test.log]
2020-07-26 15:21:50 CarinaListener [INFO] 
============= Test configuration =============
url=https://www.gsmarena.com
env=DEMO
env_arg_resolver=com.qaprosoft.carina.core.foundation.utils.DefaultEnvArgResolver
browser=
browser_version=
browser_language=
selenium_host=http://localhost:4444/wd/hub
driver_event_listeners=
max_driver_count=3
custom_capabilities=
chrome_args=
chrome_experimental_opts=
chrome_mobile_emulation_opts=
firefox_args=
firefox_preferences=
app_version=
proxy_host=
proxy_port=
proxy_protocols=http,https,ftp
no_proxy=
browsermob_proxy=false
browsermob_host=
browsermob_port=0
browsermob_ports_range=
browsermob_disabled_mitm=false
proxy_set_to_system=false
report_url=
email_list=
failure_email_list=
track_known_issues=false
auto_screenshot=true
explicit_timeout=20
auto_download=false
auto_download_apps=
auto_download_folder=
custom_artifacts_folder=
retry_interval=5
project_report_directory=./reports/qa
max_screen_history=10
max_log_file_size=150
result_sorting=true
big_screen_width=-1
big_screen_height=-1
small_screen_width=90
small_screen_height=60
init_retry_count=0
init_retry_interval=1
retry_count=0
enable_l10n=true
l10n_encoding=ISO-8859-1
locale=en_US
thread_count=-1
data_provider_thread_count=1
core_log_level=INFO
core_log_packages=com.qaprosoft.carina.core
artifacts_expiration_seconds=2592000
log_all_json=true
date_format=HH:mm:ss yyyy-MM-dd
time_format=HH:mm:ss
suite_name=
jira_updater=com.qaprosoft.carina.core.foundation.jira.DefaultJiraUpdater
jira_url=
jira_user=
jira_password=
jira_suite_id=
jira_project=
jira_project_short=
jira_create_new_ticket=false
test_naming_pattern={method_name}
element_loading_strategy=BY_PRESENCE_OR_VISIBILITY
page_opening_strategy=BY_URL_AND_ELEMENT
forcibly_disable_driver_quit=false
testrail_run_name=
testrail_milestone=
testrail_assignee=
qtest_cycle_name=DailyAutomation
qtest_suite_name=
s3_bucket_name=
access_key_id=
secret_key=
s3_use_presign_url=false
s3_local_storage=.
appcenter_token=
appcenter_local_storage=.
add_new_localization=false
add_new_localization_encoding=utf-8
add_new_localization_path=
add_new_localization_property_name=new_custom_messages_
tls_keysecure_location=
health_check_class=
health_check_methods=
uninstall_related_apps=false
default_device_timezone=GMT
default_device_time_format=24
default_device_language=en_US
android_screen_record_size=
android_screen_record_bitrate=1000000
android_enable_bug_report=true
ios_screen_record_quality=MEDIUM
ios_screen_record_codec=libx264
ios_screen_record_fps=10
screen_record_duration=180
video_scale=-2:720
ignore_ssl=false
test_run_rules=
hub_mode=selenium
selenium_host=http://localhost:4444/wd/hub

------------- Driver capabilities -----------
================================================

2020-07-26 15:21:51 L10N [ERROR] Unable to use L10N resources yet using Java 9+!
2020-07-26 15:21:56 CarinaListener [INFO] Set thread_count=1
2020-07-26 15:21:56 CarinaListener [INFO] CARINA_CORE_VERSION: 6.4.38
2020-07-26 15:21:56 Messager [INFO]  TEST [carina_qa - testGetAzureUsers] STARTED at [15:21:56 2020-07-26]
2020-07-26 15:22:02 AbstractApiMethod [INFO] Request method:	GET
Request URI:	https://fakerestapi.azurewebsites.net/api/Users
Proxy:			<none>
Request params:	<none>
Query params:	<none>
Form params:	<none>
Path params:	<none>
Headers:		Accept=*/*
				Content-Type=application/json; charset=UTF-8
Cookies:		<none>
Multiparts:		<none>
Body:			<none>
HTTP/1.1 200 OK
Cache-Control: no-cache
Pragma: no-cache
Content-Length: 253
Content-Type: application/json; charset=utf-8
Content-Encoding: gzip
Expires: -1
Vary: Accept-Encoding
Server: Microsoft-IIS/10.0
X-AspNet-Version: 4.0.30319
X-Powered-By: ASP.NET
Set-Cookie: ARRAffinity=cb4308daf0949850fad2bc32568054bec0fe12274c3f98e30180df1cb3df6576;Path=/;HttpOnly;Domain=fakerestapi.azurewebsites.net
Date: Sun, 26 Jul 2020 12:21:59 GMT

[
    {
        "ID": 1,
        "UserName": "User 1",
        "Password": "Password1"
    },
    {
        "ID": 2,
        "UserName": "User 2",
        "Password": "Password2"
    },
    {
        "ID": 3,
        "UserName": "User 3",
        "Password": "Password3"
    },
    {
        "ID": 4,
        "UserName": "User 4",
        "Password": "Password4"
    },
    {
        "ID": 5,
        "UserName": "User 5",
        "Password": "Password5"
    },
    {
        "ID": 6,
        "UserName": "User 6",
        "Password": "Password6"
    },
    {
        "ID": 7,
        "UserName": "User 7",
        "Password": "Password7"
    },
    {
        "ID": 8,
        "UserName": "User 8",
        "Password": "Password8"
    },
    {
        "ID": 9,
        "UserName": "User 9",
        "Password": "Password9"
    },
    {
        "ID": 10,
        "UserName": "User 10",
        "Password": "Password10"
    }
]

2020-07-26 15:22:03 Messager [ERROR]  TEST [carina_qa - testGetAzureUsers] FAILED at [15:22:03 2020-07-26] - Cannot deserialize instance of `com.solvd.carina.demo.api.bo.AzureUser` out of START_ARRAY token
 at [Source: (String)"[{"ID":1,"UserName":"User 1","Password":"Password1"},{"ID":2,"UserName":"User 2","Password":"Password2"},{"ID":3,"UserName":"User 3","Password":"Password3"},{"ID":4,"UserName":"User 4","Password":"Password4"},{"ID":5,"UserName":"User 5","Password":"Password5"},{"ID":6,"UserName":"User 6","Password":"Password6"},{"ID":7,"UserName":"User 7","Password":"Password7"},{"ID":8,"UserName":"User 8","Password":"Password8"},{"ID":9,"UserName":"User 9","Password":"Password9"},{"ID":10,"UserName":"User 10",""[truncated 24 chars]; line: 1, column: 1]

com.fasterxml.jackson.databind.exc.MismatchedInputException.from(MismatchedInputException.java:63)
com.fasterxml.jackson.databind.DeserializationContext.reportInputMismatch(DeserializationContext.java:1343)
com.fasterxml.jackson.databind.DeserializationContext.handleUnexpectedToken(DeserializationContext.java:1139)
com.fasterxml.jackson.databind.DeserializationContext.handleUnexpectedToken(DeserializationContext.java:1093)
com.fasterxml.jackson.databind.deser.BeanDeserializerBase.deserializeFromArray(BeanDeserializerBase.java:1461)
com.fasterxml.jackson.databind.deser.BeanDeserializer._deserializeOther(BeanDeserializer.java:185)
com.fasterxml.jackson.databind.deser.BeanDeserializer.deserialize(BeanDeserializer.java:161)
com.fasterxml.jackson.databind.ObjectMapper._readMapAndClose(ObjectMapper.java:4014)
com.fasterxml.jackson.databind.ObjectMapper.readValue(ObjectMapper.java:3005)
com.solvd.carina.demo.APISampleTestV2.testGetAzureUsers(APISampleTestV2.java:59)
java.base/jdk.internal.reflect.NativeMethodAccessorImpl.invoke0(Native Method)
java.base/jdk.internal.reflect.NativeMethodAccessorImpl.invoke(NativeMethodAccessorImpl.java:62)
java.base/jdk.internal.reflect.DelegatingMethodAccessorImpl.invoke(DelegatingMethodAccessorImpl.java:43)
java.base/java.lang.reflect.Method.invoke(Method.java:566)
org.testng.internal.MethodInvocationHelper.invokeMethod(MethodInvocationHelper.java:134)
org.testng.internal.TestInvoker.invokeMethod(TestInvoker.java:597)
org.testng.internal.TestInvoker.invokeTestMethod(TestInvoker.java:173)
org.testng.internal.MethodRunner.runInSequence(MethodRunner.java:46)
org.testng.internal.TestInvoker$MethodInvocationAgent.invoke(TestInvoker.java:816)
org.testng.internal.TestInvoker.invokeTestMethods(TestInvoker.java:146)
org.testng.internal.TestMethodWorker.invokeTestMethods(TestMethodWorker.java:146)
org.testng.internal.TestMethodWorker.run(TestMethodWorker.java:128)
java.base/java.util.ArrayList.forEach(ArrayList.java:1540)
org.testng.TestRunner.privateRun(TestRunner.java:766)
org.testng.TestRunner.run(TestRunner.java:587)
org.testng.SuiteRunner.runTest(SuiteRunner.java:384)
org.testng.SuiteRunner.runSequentially(SuiteRunner.java:378)
org.testng.SuiteRunner.privateRun(SuiteRunner.java:337)
org.testng.SuiteRunner.run(SuiteRunner.java:286)
org.testng.SuiteRunnerWorker.runSuite(SuiteRunnerWorker.java:53)
org.testng.SuiteRunnerWorker.run(SuiteRunnerWorker.java:96)
org.testng.TestNG.runSuitesSequentially(TestNG.java:1187)
org.testng.TestNG.runSuitesLocally(TestNG.java:1109)
org.testng.TestNG.runSuites(TestNG.java:1039)
org.testng.TestNG.run(TestNG.java:1007)
com.intellij.rt.testng.IDEARemoteTestNG.run(IDEARemoteTestNG.java:66)
com.intellij.rt.testng.RemoteTestNGStarter.main(RemoteTestNGStarter.java:110)
2020-07-26 15:22:03 Messager [INFO] INFO: '**************** Test execution summary ****************'.
2020-07-26 15:22:03 Messager [INFO] RESULT #1: TEST [carina_qa - testGetAzureUsers] FAIL [log=./1595766111199/8626a3c1-0b3f-4733-8537-47270525045c/test.log]
2020-07-26 20:39:36 CarinaListener [INFO] 
============= Test configuration =============
url=https://www.gsmarena.com
env=DEMO
env_arg_resolver=com.qaprosoft.carina.core.foundation.utils.DefaultEnvArgResolver
browser=
browser_version=
browser_language=
selenium_host=http://localhost:4444/wd/hub
driver_event_listeners=
max_driver_count=3
custom_capabilities=
chrome_args=
chrome_experimental_opts=
chrome_mobile_emulation_opts=
firefox_args=
firefox_preferences=
app_version=
proxy_host=
proxy_port=
proxy_protocols=http,https,ftp
no_proxy=
browsermob_proxy=false
browsermob_host=
browsermob_port=0
browsermob_ports_range=
browsermob_disabled_mitm=false
proxy_set_to_system=false
report_url=
email_list=
failure_email_list=
track_known_issues=false
auto_screenshot=true
explicit_timeout=20
auto_download=false
auto_download_apps=
auto_download_folder=
custom_artifacts_folder=
retry_interval=5
project_report_directory=./reports/qa
max_screen_history=10
max_log_file_size=150
result_sorting=true
big_screen_width=-1
big_screen_height=-1
small_screen_width=90
small_screen_height=60
init_retry_count=0
init_retry_interval=1
retry_count=0
enable_l10n=true
l10n_encoding=ISO-8859-1
locale=en_US
thread_count=-1
data_provider_thread_count=1
core_log_level=INFO
core_log_packages=com.qaprosoft.carina.core
artifacts_expiration_seconds=2592000
log_all_json=true
date_format=HH:mm:ss yyyy-MM-dd
time_format=HH:mm:ss
suite_name=
jira_updater=com.qaprosoft.carina.core.foundation.jira.DefaultJiraUpdater
jira_url=
jira_user=
jira_password=
jira_suite_id=
jira_project=
jira_project_short=
jira_create_new_ticket=false
test_naming_pattern={method_name}
element_loading_strategy=BY_PRESENCE_OR_VISIBILITY
page_opening_strategy=BY_URL_AND_ELEMENT
forcibly_disable_driver_quit=false
testrail_run_name=
testrail_milestone=
testrail_assignee=
qtest_cycle_name=DailyAutomation
qtest_suite_name=
s3_bucket_name=
access_key_id=
secret_key=
s3_use_presign_url=false
s3_local_storage=.
appcenter_token=
appcenter_local_storage=.
add_new_localization=false
add_new_localization_encoding=utf-8
add_new_localization_path=
add_new_localization_property_name=new_custom_messages_
tls_keysecure_location=
health_check_class=
health_check_methods=
uninstall_related_apps=false
default_device_timezone=GMT
default_device_time_format=24
default_device_language=en_US
android_screen_record_size=
android_screen_record_bitrate=1000000
android_enable_bug_report=true
ios_screen_record_quality=MEDIUM
ios_screen_record_codec=libx264
ios_screen_record_fps=10
screen_record_duration=180
video_scale=-2:720
ignore_ssl=false
test_run_rules=
hub_mode=selenium
selenium_host=http://localhost:4444/wd/hub

------------- Driver capabilities -----------
================================================

2020-07-26 20:39:36 L10N [ERROR] Unable to use L10N resources yet using Java 9+!
2020-07-26 20:39:40 CarinaListener [INFO] Set thread_count=1
2020-07-26 20:39:40 CarinaListener [INFO] CARINA_CORE_VERSION: 6.4.38
2020-07-26 20:39:40 Messager [INFO]  TEST [carina_qa - testGetAzureUsers] STARTED at [20:39:40 2020-07-26]
2020-07-26 20:39:47 AbstractApiMethod [INFO] Request method:	GET
Request URI:	https://fakerestapi.azurewebsites.net/api/Users
Proxy:			<none>
Request params:	<none>
Query params:	<none>
Form params:	<none>
Path params:	<none>
Headers:		Accept=*/*
				Content-Type=application/json; charset=UTF-8
Cookies:		<none>
Multiparts:		<none>
Body:			<none>
HTTP/1.1 200 OK
Cache-Control: no-cache
Pragma: no-cache
Content-Length: 253
Content-Type: application/json; charset=utf-8
Content-Encoding: gzip
Expires: -1
Vary: Accept-Encoding
Server: Microsoft-IIS/10.0
X-AspNet-Version: 4.0.30319
X-Powered-By: ASP.NET
Set-Cookie: ARRAffinity=cb4308daf0949850fad2bc32568054bec0fe12274c3f98e30180df1cb3df6576;Path=/;HttpOnly;Domain=fakerestapi.azurewebsites.net
Date: Sun, 26 Jul 2020 17:39:44 GMT

[
    {
        "ID": 1,
        "UserName": "User 1",
        "Password": "Password1"
    },
    {
        "ID": 2,
        "UserName": "User 2",
        "Password": "Password2"
    },
    {
        "ID": 3,
        "UserName": "User 3",
        "Password": "Password3"
    },
    {
        "ID": 4,
        "UserName": "User 4",
        "Password": "Password4"
    },
    {
        "ID": 5,
        "UserName": "User 5",
        "Password": "Password5"
    },
    {
        "ID": 6,
        "UserName": "User 6",
        "Password": "Password6"
    },
    {
        "ID": 7,
        "UserName": "User 7",
        "Password": "Password7"
    },
    {
        "ID": 8,
        "UserName": "User 8",
        "Password": "Password8"
    },
    {
        "ID": 9,
        "UserName": "User 9",
        "Password": "Password9"
    },
    {
        "ID": 10,
        "UserName": "User 10",
        "Password": "Password10"
    }
]

2020-07-26 20:39:47 Messager [ERROR]  TEST [carina_qa - testGetAzureUsers] FAILED at [20:39:47 2020-07-26] - Cannot deserialize instance of `com.solvd.carina.demo.api.bo.AzureUser` out of START_ARRAY token
 at [Source: (String)"[{"ID":1,"UserName":"User 1","Password":"Password1"},{"ID":2,"UserName":"User 2","Password":"Password2"},{"ID":3,"UserName":"User 3","Password":"Password3"},{"ID":4,"UserName":"User 4","Password":"Password4"},{"ID":5,"UserName":"User 5","Password":"Password5"},{"ID":6,"UserName":"User 6","Password":"Password6"},{"ID":7,"UserName":"User 7","Password":"Password7"},{"ID":8,"UserName":"User 8","Password":"Password8"},{"ID":9,"UserName":"User 9","Password":"Password9"},{"ID":10,"UserName":"User 10",""[truncated 24 chars]; line: 1, column: 1]

com.fasterxml.jackson.databind.exc.MismatchedInputException.from(MismatchedInputException.java:63)
com.fasterxml.jackson.databind.DeserializationContext.reportInputMismatch(DeserializationContext.java:1343)
com.fasterxml.jackson.databind.DeserializationContext.handleUnexpectedToken(DeserializationContext.java:1139)
com.fasterxml.jackson.databind.DeserializationContext.handleUnexpectedToken(DeserializationContext.java:1093)
com.fasterxml.jackson.databind.deser.BeanDeserializerBase.deserializeFromArray(BeanDeserializerBase.java:1461)
com.fasterxml.jackson.databind.deser.BeanDeserializer._deserializeOther(BeanDeserializer.java:185)
com.fasterxml.jackson.databind.deser.BeanDeserializer.deserialize(BeanDeserializer.java:161)
com.fasterxml.jackson.databind.ObjectMapper._readMapAndClose(ObjectMapper.java:4014)
com.fasterxml.jackson.databind.ObjectMapper.readValue(ObjectMapper.java:3005)
com.solvd.carina.demo.APISampleTestV2.testGetAzureUsers(APISampleTestV2.java:60)
java.base/jdk.internal.reflect.NativeMethodAccessorImpl.invoke0(Native Method)
java.base/jdk.internal.reflect.NativeMethodAccessorImpl.invoke(NativeMethodAccessorImpl.java:62)
java.base/jdk.internal.reflect.DelegatingMethodAccessorImpl.invoke(DelegatingMethodAccessorImpl.java:43)
java.base/java.lang.reflect.Method.invoke(Method.java:566)
org.testng.internal.MethodInvocationHelper.invokeMethod(MethodInvocationHelper.java:134)
org.testng.internal.TestInvoker.invokeMethod(TestInvoker.java:597)
org.testng.internal.TestInvoker.invokeTestMethod(TestInvoker.java:173)
org.testng.internal.MethodRunner.runInSequence(MethodRunner.java:46)
org.testng.internal.TestInvoker$MethodInvocationAgent.invoke(TestInvoker.java:816)
org.testng.internal.TestInvoker.invokeTestMethods(TestInvoker.java:146)
org.testng.internal.TestMethodWorker.invokeTestMethods(TestMethodWorker.java:146)
org.testng.internal.TestMethodWorker.run(TestMethodWorker.java:128)
java.base/java.util.ArrayList.forEach(ArrayList.java:1540)
org.testng.TestRunner.privateRun(TestRunner.java:766)
org.testng.TestRunner.run(TestRunner.java:587)
org.testng.SuiteRunner.runTest(SuiteRunner.java:384)
org.testng.SuiteRunner.runSequentially(SuiteRunner.java:378)
org.testng.SuiteRunner.privateRun(SuiteRunner.java:337)
org.testng.SuiteRunner.run(SuiteRunner.java:286)
org.testng.SuiteRunnerWorker.runSuite(SuiteRunnerWorker.java:53)
org.testng.SuiteRunnerWorker.run(SuiteRunnerWorker.java:96)
org.testng.TestNG.runSuitesSequentially(TestNG.java:1187)
org.testng.TestNG.runSuitesLocally(TestNG.java:1109)
org.testng.TestNG.runSuites(TestNG.java:1039)
org.testng.TestNG.run(TestNG.java:1007)
com.intellij.rt.testng.IDEARemoteTestNG.run(IDEARemoteTestNG.java:66)
com.intellij.rt.testng.RemoteTestNGStarter.main(RemoteTestNGStarter.java:110)
2020-07-26 20:39:47 Messager [INFO] INFO: '**************** Test execution summary ****************'.
2020-07-26 20:39:47 Messager [INFO] RESULT #1: TEST [carina_qa - testGetAzureUsers] FAIL [log=./1595785176342/e2ab0d83-ea9a-40c0-8979-b840376c61c3/test.log]
2020-07-26 20:43:55 CarinaListener [INFO] 
============= Test configuration =============
url=https://www.gsmarena.com
env=DEMO
env_arg_resolver=com.qaprosoft.carina.core.foundation.utils.DefaultEnvArgResolver
browser=
browser_version=
browser_language=
selenium_host=http://localhost:4444/wd/hub
driver_event_listeners=
max_driver_count=3
custom_capabilities=
chrome_args=
chrome_experimental_opts=
chrome_mobile_emulation_opts=
firefox_args=
firefox_preferences=
app_version=
proxy_host=
proxy_port=
proxy_protocols=http,https,ftp
no_proxy=
browsermob_proxy=false
browsermob_host=
browsermob_port=0
browsermob_ports_range=
browsermob_disabled_mitm=false
proxy_set_to_system=false
report_url=
email_list=
failure_email_list=
track_known_issues=false
auto_screenshot=true
explicit_timeout=20
auto_download=false
auto_download_apps=
auto_download_folder=
custom_artifacts_folder=
retry_interval=5
project_report_directory=./reports/qa
max_screen_history=10
max_log_file_size=150
result_sorting=true
big_screen_width=-1
big_screen_height=-1
small_screen_width=90
small_screen_height=60
init_retry_count=0
init_retry_interval=1
retry_count=0
enable_l10n=true
l10n_encoding=ISO-8859-1
locale=en_US
thread_count=-1
data_provider_thread_count=1
core_log_level=INFO
core_log_packages=com.qaprosoft.carina.core
artifacts_expiration_seconds=2592000
log_all_json=true
date_format=HH:mm:ss yyyy-MM-dd
time_format=HH:mm:ss
suite_name=
jira_updater=com.qaprosoft.carina.core.foundation.jira.DefaultJiraUpdater
jira_url=
jira_user=
jira_password=
jira_suite_id=
jira_project=
jira_project_short=
jira_create_new_ticket=false
test_naming_pattern={method_name}
element_loading_strategy=BY_PRESENCE_OR_VISIBILITY
page_opening_strategy=BY_URL_AND_ELEMENT
forcibly_disable_driver_quit=false
testrail_run_name=
testrail_milestone=
testrail_assignee=
qtest_cycle_name=DailyAutomation
qtest_suite_name=
s3_bucket_name=
access_key_id=
secret_key=
s3_use_presign_url=false
s3_local_storage=.
appcenter_token=
appcenter_local_storage=.
add_new_localization=false
add_new_localization_encoding=utf-8
add_new_localization_path=
add_new_localization_property_name=new_custom_messages_
tls_keysecure_location=
health_check_class=
health_check_methods=
uninstall_related_apps=false
default_device_timezone=GMT
default_device_time_format=24
default_device_language=en_US
android_screen_record_size=
android_screen_record_bitrate=1000000
android_enable_bug_report=true
ios_screen_record_quality=MEDIUM
ios_screen_record_codec=libx264
ios_screen_record_fps=10
screen_record_duration=180
video_scale=-2:720
ignore_ssl=false
test_run_rules=
hub_mode=selenium
selenium_host=http://localhost:4444/wd/hub

------------- Driver capabilities -----------
================================================

2020-07-26 20:43:55 L10N [ERROR] Unable to use L10N resources yet using Java 9+!
2020-07-26 20:44:00 CarinaListener [INFO] Set thread_count=1
2020-07-26 20:44:00 CarinaListener [INFO] CARINA_CORE_VERSION: 6.4.38
2020-07-26 20:44:00 Messager [INFO]  TEST [carina_qa - testGetAzureUsers] STARTED at [20:44:00 2020-07-26]
2020-07-26 20:44:07 AbstractApiMethod [INFO] Request method:	GET
Request URI:	https://fakerestapi.azurewebsites.net/api/Users
Proxy:			<none>
Request params:	<none>
Query params:	<none>
Form params:	<none>
Path params:	<none>
Headers:		Accept=*/*
				Content-Type=application/json; charset=UTF-8
Cookies:		<none>
Multiparts:		<none>
Body:			<none>
HTTP/1.1 200 OK
Cache-Control: no-cache
Pragma: no-cache
Content-Length: 253
Content-Type: application/json; charset=utf-8
Content-Encoding: gzip
Expires: -1
Vary: Accept-Encoding
Server: Microsoft-IIS/10.0
X-AspNet-Version: 4.0.30319
X-Powered-By: ASP.NET
Set-Cookie: ARRAffinity=cb4308daf0949850fad2bc32568054bec0fe12274c3f98e30180df1cb3df6576;Path=/;HttpOnly;Domain=fakerestapi.azurewebsites.net
Date: Sun, 26 Jul 2020 17:44:05 GMT

[
    {
        "ID": 1,
        "UserName": "User 1",
        "Password": "Password1"
    },
    {
        "ID": 2,
        "UserName": "User 2",
        "Password": "Password2"
    },
    {
        "ID": 3,
        "UserName": "User 3",
        "Password": "Password3"
    },
    {
        "ID": 4,
        "UserName": "User 4",
        "Password": "Password4"
    },
    {
        "ID": 5,
        "UserName": "User 5",
        "Password": "Password5"
    },
    {
        "ID": 6,
        "UserName": "User 6",
        "Password": "Password6"
    },
    {
        "ID": 7,
        "UserName": "User 7",
        "Password": "Password7"
    },
    {
        "ID": 8,
        "UserName": "User 8",
        "Password": "Password8"
    },
    {
        "ID": 9,
        "UserName": "User 9",
        "Password": "Password9"
    },
    {
        "ID": 10,
        "UserName": "User 10",
        "Password": "Password10"
    }
]

2020-07-26 20:44:07 Messager [ERROR]  TEST [carina_qa - testGetAzureUsers] FAILED at [20:44:07 2020-07-26] - Cannot deserialize instance of `com.solvd.carina.demo.api.bo.AzureUser` out of START_ARRAY token
 at [Source: (String)"[{"ID":1,"UserName":"User 1","Password":"Password1"},{"ID":2,"UserName":"User 2","Password":"Password2"},{"ID":3,"UserName":"User 3","Password":"Password3"},{"ID":4,"UserName":"User 4","Password":"Password4"},{"ID":5,"UserName":"User 5","Password":"Password5"},{"ID":6,"UserName":"User 6","Password":"Password6"},{"ID":7,"UserName":"User 7","Password":"Password7"},{"ID":8,"UserName":"User 8","Password":"Password8"},{"ID":9,"UserName":"User 9","Password":"Password9"},{"ID":10,"UserName":"User 10",""[truncated 24 chars]; line: 1, column: 1]

com.fasterxml.jackson.databind.exc.MismatchedInputException.from(MismatchedInputException.java:63)
com.fasterxml.jackson.databind.DeserializationContext.reportInputMismatch(DeserializationContext.java:1343)
com.fasterxml.jackson.databind.DeserializationContext.handleUnexpectedToken(DeserializationContext.java:1139)
com.fasterxml.jackson.databind.DeserializationContext.handleUnexpectedToken(DeserializationContext.java:1093)
com.fasterxml.jackson.databind.deser.BeanDeserializerBase.deserializeFromArray(BeanDeserializerBase.java:1461)
com.fasterxml.jackson.databind.deser.BeanDeserializer._deserializeOther(BeanDeserializer.java:185)
com.fasterxml.jackson.databind.deser.BeanDeserializer.deserialize(BeanDeserializer.java:161)
com.fasterxml.jackson.databind.ObjectMapper._readMapAndClose(ObjectMapper.java:4014)
com.fasterxml.jackson.databind.ObjectMapper.readValue(ObjectMapper.java:3005)
com.solvd.carina.demo.APISampleTestV2.testGetAzureUsers(APISampleTestV2.java:60)
java.base/jdk.internal.reflect.NativeMethodAccessorImpl.invoke0(Native Method)
java.base/jdk.internal.reflect.NativeMethodAccessorImpl.invoke(NativeMethodAccessorImpl.java:62)
java.base/jdk.internal.reflect.DelegatingMethodAccessorImpl.invoke(DelegatingMethodAccessorImpl.java:43)
java.base/java.lang.reflect.Method.invoke(Method.java:566)
org.testng.internal.MethodInvocationHelper.invokeMethod(MethodInvocationHelper.java:134)
org.testng.internal.TestInvoker.invokeMethod(TestInvoker.java:597)
org.testng.internal.TestInvoker.invokeTestMethod(TestInvoker.java:173)
org.testng.internal.MethodRunner.runInSequence(MethodRunner.java:46)
org.testng.internal.TestInvoker$MethodInvocationAgent.invoke(TestInvoker.java:816)
org.testng.internal.TestInvoker.invokeTestMethods(TestInvoker.java:146)
org.testng.internal.TestMethodWorker.invokeTestMethods(TestMethodWorker.java:146)
org.testng.internal.TestMethodWorker.run(TestMethodWorker.java:128)
java.base/java.util.ArrayList.forEach(ArrayList.java:1540)
org.testng.TestRunner.privateRun(TestRunner.java:766)
org.testng.TestRunner.run(TestRunner.java:587)
org.testng.SuiteRunner.runTest(SuiteRunner.java:384)
org.testng.SuiteRunner.runSequentially(SuiteRunner.java:378)
org.testng.SuiteRunner.privateRun(SuiteRunner.java:337)
org.testng.SuiteRunner.run(SuiteRunner.java:286)
org.testng.SuiteRunnerWorker.runSuite(SuiteRunnerWorker.java:53)
org.testng.SuiteRunnerWorker.run(SuiteRunnerWorker.java:96)
org.testng.TestNG.runSuitesSequentially(TestNG.java:1187)
org.testng.TestNG.runSuitesLocally(TestNG.java:1109)
org.testng.TestNG.runSuites(TestNG.java:1039)
org.testng.TestNG.run(TestNG.java:1007)
com.intellij.rt.testng.IDEARemoteTestNG.run(IDEARemoteTestNG.java:66)
com.intellij.rt.testng.RemoteTestNGStarter.main(RemoteTestNGStarter.java:110)
2020-07-26 20:44:07 Messager [INFO] INFO: '**************** Test execution summary ****************'.
2020-07-26 20:44:07 Messager [INFO] RESULT #1: TEST [carina_qa - testGetAzureUsers] FAIL [log=./1595785435729/e6355c0a-6bea-4c8f-9ca2-83b98a0792d8/test.log]
2020-07-26 20:51:12 CarinaListener [INFO] 
============= Test configuration =============
url=https://www.gsmarena.com
env=DEMO
env_arg_resolver=com.qaprosoft.carina.core.foundation.utils.DefaultEnvArgResolver
browser=
browser_version=
browser_language=
selenium_host=http://localhost:4444/wd/hub
driver_event_listeners=
max_driver_count=3
custom_capabilities=
chrome_args=
chrome_experimental_opts=
chrome_mobile_emulation_opts=
firefox_args=
firefox_preferences=
app_version=
proxy_host=
proxy_port=
proxy_protocols=http,https,ftp
no_proxy=
browsermob_proxy=false
browsermob_host=
browsermob_port=0
browsermob_ports_range=
browsermob_disabled_mitm=false
proxy_set_to_system=false
report_url=
email_list=
failure_email_list=
track_known_issues=false
auto_screenshot=true
explicit_timeout=20
auto_download=false
auto_download_apps=
auto_download_folder=
custom_artifacts_folder=
retry_interval=5
project_report_directory=./reports/qa
max_screen_history=10
max_log_file_size=150
result_sorting=true
big_screen_width=-1
big_screen_height=-1
small_screen_width=90
small_screen_height=60
init_retry_count=0
init_retry_interval=1
retry_count=0
enable_l10n=true
l10n_encoding=ISO-8859-1
locale=en_US
thread_count=-1
data_provider_thread_count=1
core_log_level=INFO
core_log_packages=com.qaprosoft.carina.core
artifacts_expiration_seconds=2592000
log_all_json=true
date_format=HH:mm:ss yyyy-MM-dd
time_format=HH:mm:ss
suite_name=
jira_updater=com.qaprosoft.carina.core.foundation.jira.DefaultJiraUpdater
jira_url=
jira_user=
jira_password=
jira_suite_id=
jira_project=
jira_project_short=
jira_create_new_ticket=false
test_naming_pattern={method_name}
element_loading_strategy=BY_PRESENCE_OR_VISIBILITY
page_opening_strategy=BY_URL_AND_ELEMENT
forcibly_disable_driver_quit=false
testrail_run_name=
testrail_milestone=
testrail_assignee=
qtest_cycle_name=DailyAutomation
qtest_suite_name=
s3_bucket_name=
access_key_id=
secret_key=
s3_use_presign_url=false
s3_local_storage=.
appcenter_token=
appcenter_local_storage=.
add_new_localization=false
add_new_localization_encoding=utf-8
add_new_localization_path=
add_new_localization_property_name=new_custom_messages_
tls_keysecure_location=
health_check_class=
health_check_methods=
uninstall_related_apps=false
default_device_timezone=GMT
default_device_time_format=24
default_device_language=en_US
android_screen_record_size=
android_screen_record_bitrate=1000000
android_enable_bug_report=true
ios_screen_record_quality=MEDIUM
ios_screen_record_codec=libx264
ios_screen_record_fps=10
screen_record_duration=180
video_scale=-2:720
ignore_ssl=false
test_run_rules=
hub_mode=selenium
selenium_host=http://localhost:4444/wd/hub

------------- Driver capabilities -----------
================================================

2020-07-26 20:51:13 L10N [ERROR] Unable to use L10N resources yet using Java 9+!
2020-07-26 20:51:16 CarinaListener [INFO] Set thread_count=1
2020-07-26 20:51:16 CarinaListener [INFO] CARINA_CORE_VERSION: 6.4.38
2020-07-26 20:51:17 Messager [INFO]  TEST [carina_qa - testGetAzureUsers] STARTED at [20:51:17 2020-07-26]
2020-07-26 20:51:22 AbstractApiMethod [INFO] Request method:	GET
Request URI:	https://fakerestapi.azurewebsites.net/api/Users
Proxy:			<none>
Request params:	<none>
Query params:	<none>
Form params:	<none>
Path params:	<none>
Headers:		Accept=*/*
				Content-Type=application/json; charset=UTF-8
Cookies:		<none>
Multiparts:		<none>
Body:			<none>
HTTP/1.1 200 OK
Cache-Control: no-cache
Pragma: no-cache
Content-Length: 253
Content-Type: application/json; charset=utf-8
Content-Encoding: gzip
Expires: -1
Vary: Accept-Encoding
Server: Microsoft-IIS/10.0
X-AspNet-Version: 4.0.30319
X-Powered-By: ASP.NET
Set-Cookie: ARRAffinity=cb4308daf0949850fad2bc32568054bec0fe12274c3f98e30180df1cb3df6576;Path=/;HttpOnly;Domain=fakerestapi.azurewebsites.net
Date: Sun, 26 Jul 2020 17:51:20 GMT

[
    {
        "ID": 1,
        "UserName": "User 1",
        "Password": "Password1"
    },
    {
        "ID": 2,
        "UserName": "User 2",
        "Password": "Password2"
    },
    {
        "ID": 3,
        "UserName": "User 3",
        "Password": "Password3"
    },
    {
        "ID": 4,
        "UserName": "User 4",
        "Password": "Password4"
    },
    {
        "ID": 5,
        "UserName": "User 5",
        "Password": "Password5"
    },
    {
        "ID": 6,
        "UserName": "User 6",
        "Password": "Password6"
    },
    {
        "ID": 7,
        "UserName": "User 7",
        "Password": "Password7"
    },
    {
        "ID": 8,
        "UserName": "User 8",
        "Password": "Password8"
    },
    {
        "ID": 9,
        "UserName": "User 9",
        "Password": "Password9"
    },
    {
        "ID": 10,
        "UserName": "User 10",
        "Password": "Password10"
    }
]

2020-07-26 20:51:23 Messager [ERROR]  TEST [carina_qa - testGetAzureUsers] FAILED at [20:51:23 2020-07-26] - Cannot deserialize instance of `com.solvd.carina.demo.api.bo.AzureUsers` out of START_ARRAY token
 at [Source: (String)"[{"ID":1,"UserName":"User 1","Password":"Password1"},{"ID":2,"UserName":"User 2","Password":"Password2"},{"ID":3,"UserName":"User 3","Password":"Password3"},{"ID":4,"UserName":"User 4","Password":"Password4"},{"ID":5,"UserName":"User 5","Password":"Password5"},{"ID":6,"UserName":"User 6","Password":"Password6"},{"ID":7,"UserName":"User 7","Password":"Password7"},{"ID":8,"UserName":"User 8","Password":"Password8"},{"ID":9,"UserName":"User 9","Password":"Password9"},{"ID":10,"UserName":"User 10",""[truncated 24 chars]; line: 1, column: 1]

com.fasterxml.jackson.databind.exc.MismatchedInputException.from(MismatchedInputException.java:63)
com.fasterxml.jackson.databind.DeserializationContext.reportInputMismatch(DeserializationContext.java:1343)
com.fasterxml.jackson.databind.DeserializationContext.handleUnexpectedToken(DeserializationContext.java:1139)
com.fasterxml.jackson.databind.DeserializationContext.handleUnexpectedToken(DeserializationContext.java:1093)
com.fasterxml.jackson.databind.deser.BeanDeserializerBase.deserializeFromArray(BeanDeserializerBase.java:1461)
com.fasterxml.jackson.databind.deser.BeanDeserializer._deserializeOther(BeanDeserializer.java:185)
com.fasterxml.jackson.databind.deser.BeanDeserializer.deserialize(BeanDeserializer.java:161)
com.fasterxml.jackson.databind.ObjectMapper._readMapAndClose(ObjectMapper.java:4014)
com.fasterxml.jackson.databind.ObjectMapper.readValue(ObjectMapper.java:3005)
com.solvd.carina.demo.APISampleTestV2.testGetAzureUsers(APISampleTestV2.java:61)
java.base/jdk.internal.reflect.NativeMethodAccessorImpl.invoke0(Native Method)
java.base/jdk.internal.reflect.NativeMethodAccessorImpl.invoke(NativeMethodAccessorImpl.java:62)
java.base/jdk.internal.reflect.DelegatingMethodAccessorImpl.invoke(DelegatingMethodAccessorImpl.java:43)
java.base/java.lang.reflect.Method.invoke(Method.java:566)
org.testng.internal.MethodInvocationHelper.invokeMethod(MethodInvocationHelper.java:134)
org.testng.internal.TestInvoker.invokeMethod(TestInvoker.java:597)
org.testng.internal.TestInvoker.invokeTestMethod(TestInvoker.java:173)
org.testng.internal.MethodRunner.runInSequence(MethodRunner.java:46)
org.testng.internal.TestInvoker$MethodInvocationAgent.invoke(TestInvoker.java:816)
org.testng.internal.TestInvoker.invokeTestMethods(TestInvoker.java:146)
org.testng.internal.TestMethodWorker.invokeTestMethods(TestMethodWorker.java:146)
org.testng.internal.TestMethodWorker.run(TestMethodWorker.java:128)
java.base/java.util.ArrayList.forEach(ArrayList.java:1540)
org.testng.TestRunner.privateRun(TestRunner.java:766)
org.testng.TestRunner.run(TestRunner.java:587)
org.testng.SuiteRunner.runTest(SuiteRunner.java:384)
org.testng.SuiteRunner.runSequentially(SuiteRunner.java:378)
org.testng.SuiteRunner.privateRun(SuiteRunner.java:337)
org.testng.SuiteRunner.run(SuiteRunner.java:286)
org.testng.SuiteRunnerWorker.runSuite(SuiteRunnerWorker.java:53)
org.testng.SuiteRunnerWorker.run(SuiteRunnerWorker.java:96)
org.testng.TestNG.runSuitesSequentially(TestNG.java:1187)
org.testng.TestNG.runSuitesLocally(TestNG.java:1109)
org.testng.TestNG.runSuites(TestNG.java:1039)
org.testng.TestNG.run(TestNG.java:1007)
com.intellij.rt.testng.IDEARemoteTestNG.run(IDEARemoteTestNG.java:66)
com.intellij.rt.testng.RemoteTestNGStarter.main(RemoteTestNGStarter.java:110)
2020-07-26 20:51:23 Messager [INFO] INFO: '**************** Test execution summary ****************'.
2020-07-26 20:51:23 Messager [INFO] RESULT #1: TEST [carina_qa - testGetAzureUsers] FAIL [log=./1595785873113/d4099a5f-b03f-422e-b0b9-3e45c8641916/test.log]
2020-07-26 20:55:42 CarinaListener [INFO] 
============= Test configuration =============
url=https://www.gsmarena.com
env=DEMO
env_arg_resolver=com.qaprosoft.carina.core.foundation.utils.DefaultEnvArgResolver
browser=
browser_version=
browser_language=
selenium_host=http://localhost:4444/wd/hub
driver_event_listeners=
max_driver_count=3
custom_capabilities=
chrome_args=
chrome_experimental_opts=
chrome_mobile_emulation_opts=
firefox_args=
firefox_preferences=
app_version=
proxy_host=
proxy_port=
proxy_protocols=http,https,ftp
no_proxy=
browsermob_proxy=false
browsermob_host=
browsermob_port=0
browsermob_ports_range=
browsermob_disabled_mitm=false
proxy_set_to_system=false
report_url=
email_list=
failure_email_list=
track_known_issues=false
auto_screenshot=true
explicit_timeout=20
auto_download=false
auto_download_apps=
auto_download_folder=
custom_artifacts_folder=
retry_interval=5
project_report_directory=./reports/qa
max_screen_history=10
max_log_file_size=150
result_sorting=true
big_screen_width=-1
big_screen_height=-1
small_screen_width=90
small_screen_height=60
init_retry_count=0
init_retry_interval=1
retry_count=0
enable_l10n=true
l10n_encoding=ISO-8859-1
locale=en_US
thread_count=-1
data_provider_thread_count=1
core_log_level=INFO
core_log_packages=com.qaprosoft.carina.core
artifacts_expiration_seconds=2592000
log_all_json=true
date_format=HH:mm:ss yyyy-MM-dd
time_format=HH:mm:ss
suite_name=
jira_updater=com.qaprosoft.carina.core.foundation.jira.DefaultJiraUpdater
jira_url=
jira_user=
jira_password=
jira_suite_id=
jira_project=
jira_project_short=
jira_create_new_ticket=false
test_naming_pattern={method_name}
element_loading_strategy=BY_PRESENCE_OR_VISIBILITY
page_opening_strategy=BY_URL_AND_ELEMENT
forcibly_disable_driver_quit=false
testrail_run_name=
testrail_milestone=
testrail_assignee=
qtest_cycle_name=DailyAutomation
qtest_suite_name=
s3_bucket_name=
access_key_id=
secret_key=
s3_use_presign_url=false
s3_local_storage=.
appcenter_token=
appcenter_local_storage=.
add_new_localization=false
add_new_localization_encoding=utf-8
add_new_localization_path=
add_new_localization_property_name=new_custom_messages_
tls_keysecure_location=
health_check_class=
health_check_methods=
uninstall_related_apps=false
default_device_timezone=GMT
default_device_time_format=24
default_device_language=en_US
android_screen_record_size=
android_screen_record_bitrate=1000000
android_enable_bug_report=true
ios_screen_record_quality=MEDIUM
ios_screen_record_codec=libx264
ios_screen_record_fps=10
screen_record_duration=180
video_scale=-2:720
ignore_ssl=false
test_run_rules=
hub_mode=selenium
selenium_host=http://localhost:4444/wd/hub

------------- Driver capabilities -----------
================================================

2020-07-26 20:55:42 L10N [ERROR] Unable to use L10N resources yet using Java 9+!
2020-07-26 20:55:45 CarinaListener [INFO] Set thread_count=1
2020-07-26 20:55:45 CarinaListener [INFO] CARINA_CORE_VERSION: 6.4.38
2020-07-26 20:55:45 Messager [INFO]  TEST [carina_qa - testGetAzureUsers] STARTED at [20:55:45 2020-07-26]
2020-07-26 20:55:49 AbstractApiMethod [INFO] Request method:	GET
Request URI:	https://fakerestapi.azurewebsites.net/api/Users
Proxy:			<none>
Request params:	<none>
Query params:	<none>
Form params:	<none>
Path params:	<none>
Headers:		Accept=*/*
				Content-Type=application/json; charset=UTF-8
Cookies:		<none>
Multiparts:		<none>
Body:			<none>
HTTP/1.1 200 OK
Cache-Control: no-cache
Pragma: no-cache
Content-Length: 253
Content-Type: application/json; charset=utf-8
Content-Encoding: gzip
Expires: -1
Vary: Accept-Encoding
Server: Microsoft-IIS/10.0
X-AspNet-Version: 4.0.30319
X-Powered-By: ASP.NET
Set-Cookie: ARRAffinity=cb4308daf0949850fad2bc32568054bec0fe12274c3f98e30180df1cb3df6576;Path=/;HttpOnly;Domain=fakerestapi.azurewebsites.net
Date: Sun, 26 Jul 2020 17:55:47 GMT

[
    {
        "ID": 1,
        "UserName": "User 1",
        "Password": "Password1"
    },
    {
        "ID": 2,
        "UserName": "User 2",
        "Password": "Password2"
    },
    {
        "ID": 3,
        "UserName": "User 3",
        "Password": "Password3"
    },
    {
        "ID": 4,
        "UserName": "User 4",
        "Password": "Password4"
    },
    {
        "ID": 5,
        "UserName": "User 5",
        "Password": "Password5"
    },
    {
        "ID": 6,
        "UserName": "User 6",
        "Password": "Password6"
    },
    {
        "ID": 7,
        "UserName": "User 7",
        "Password": "Password7"
    },
    {
        "ID": 8,
        "UserName": "User 8",
        "Password": "Password8"
    },
    {
        "ID": 9,
        "UserName": "User 9",
        "Password": "Password9"
    },
    {
        "ID": 10,
        "UserName": "User 10",
        "Password": "Password10"
    }
]

2020-07-26 20:55:49 Messager [ERROR]  TEST [carina_qa - testGetAzureUsers] FAILED at [20:55:49 2020-07-26] - 
Expected: a JSON object
     got: a JSON array


org.skyscreamer.jsonassert.JSONAssert.assertEquals(JSONAssert.java:482)
org.skyscreamer.jsonassert.JSONAssert.assertEquals(JSONAssert.java:464)
com.qaprosoft.carina.core.foundation.api.AbstractApiMethodV2.validateResponse(AbstractApiMethodV2.java:228)
com.solvd.carina.demo.APISampleTestV2.testGetAzureUsers(APISampleTestV2.java:65)
java.base/jdk.internal.reflect.NativeMethodAccessorImpl.invoke0(Native Method)
java.base/jdk.internal.reflect.NativeMethodAccessorImpl.invoke(NativeMethodAccessorImpl.java:62)
java.base/jdk.internal.reflect.DelegatingMethodAccessorImpl.invoke(DelegatingMethodAccessorImpl.java:43)
java.base/java.lang.reflect.Method.invoke(Method.java:566)
org.testng.internal.MethodInvocationHelper.invokeMethod(MethodInvocationHelper.java:134)
org.testng.internal.TestInvoker.invokeMethod(TestInvoker.java:597)
org.testng.internal.TestInvoker.invokeTestMethod(TestInvoker.java:173)
org.testng.internal.MethodRunner.runInSequence(MethodRunner.java:46)
org.testng.internal.TestInvoker$MethodInvocationAgent.invoke(TestInvoker.java:816)
org.testng.internal.TestInvoker.invokeTestMethods(TestInvoker.java:146)
org.testng.internal.TestMethodWorker.invokeTestMethods(TestMethodWorker.java:146)
org.testng.internal.TestMethodWorker.run(TestMethodWorker.java:128)
java.base/java.util.ArrayList.forEach(ArrayList.java:1540)
org.testng.TestRunner.privateRun(TestRunner.java:766)
org.testng.TestRunner.run(TestRunner.java:587)
org.testng.SuiteRunner.runTest(SuiteRunner.java:384)
org.testng.SuiteRunner.runSequentially(SuiteRunner.java:378)
org.testng.SuiteRunner.privateRun(SuiteRunner.java:337)
org.testng.SuiteRunner.run(SuiteRunner.java:286)
org.testng.SuiteRunnerWorker.runSuite(SuiteRunnerWorker.java:53)
org.testng.SuiteRunnerWorker.run(SuiteRunnerWorker.java:96)
org.testng.TestNG.runSuitesSequentially(TestNG.java:1187)
org.testng.TestNG.runSuitesLocally(TestNG.java:1109)
org.testng.TestNG.runSuites(TestNG.java:1039)
org.testng.TestNG.run(TestNG.java:1007)
com.intellij.rt.testng.IDEARemoteTestNG.run(IDEARemoteTestNG.java:66)
com.intellij.rt.testng.RemoteTestNGStarter.main(RemoteTestNGStarter.java:110)
2020-07-26 20:55:49 Messager [INFO] INFO: '**************** Test execution summary ****************'.
2020-07-26 20:55:49 Messager [INFO] RESULT #1: TEST [carina_qa - testGetAzureUsers] FAIL [log=./1595786142583/4e01639a-3cbb-4eea-8db9-1d071b4f98e7/test.log]
2020-07-26 20:56:39 CarinaListener [INFO] 
============= Test configuration =============
url=https://www.gsmarena.com
env=DEMO
env_arg_resolver=com.qaprosoft.carina.core.foundation.utils.DefaultEnvArgResolver
browser=
browser_version=
browser_language=
selenium_host=http://localhost:4444/wd/hub
driver_event_listeners=
max_driver_count=3
custom_capabilities=
chrome_args=
chrome_experimental_opts=
chrome_mobile_emulation_opts=
firefox_args=
firefox_preferences=
app_version=
proxy_host=
proxy_port=
proxy_protocols=http,https,ftp
no_proxy=
browsermob_proxy=false
browsermob_host=
browsermob_port=0
browsermob_ports_range=
browsermob_disabled_mitm=false
proxy_set_to_system=false
report_url=
email_list=
failure_email_list=
track_known_issues=false
auto_screenshot=true
explicit_timeout=20
auto_download=false
auto_download_apps=
auto_download_folder=
custom_artifacts_folder=
retry_interval=5
project_report_directory=./reports/qa
max_screen_history=10
max_log_file_size=150
result_sorting=true
big_screen_width=-1
big_screen_height=-1
small_screen_width=90
small_screen_height=60
init_retry_count=0
init_retry_interval=1
retry_count=0
enable_l10n=true
l10n_encoding=ISO-8859-1
locale=en_US
thread_count=-1
data_provider_thread_count=1
core_log_level=INFO
core_log_packages=com.qaprosoft.carina.core
artifacts_expiration_seconds=2592000
log_all_json=true
date_format=HH:mm:ss yyyy-MM-dd
time_format=HH:mm:ss
suite_name=
jira_updater=com.qaprosoft.carina.core.foundation.jira.DefaultJiraUpdater
jira_url=
jira_user=
jira_password=
jira_suite_id=
jira_project=
jira_project_short=
jira_create_new_ticket=false
test_naming_pattern={method_name}
element_loading_strategy=BY_PRESENCE_OR_VISIBILITY
page_opening_strategy=BY_URL_AND_ELEMENT
forcibly_disable_driver_quit=false
testrail_run_name=
testrail_milestone=
testrail_assignee=
qtest_cycle_name=DailyAutomation
qtest_suite_name=
s3_bucket_name=
access_key_id=
secret_key=
s3_use_presign_url=false
s3_local_storage=.
appcenter_token=
appcenter_local_storage=.
add_new_localization=false
add_new_localization_encoding=utf-8
add_new_localization_path=
add_new_localization_property_name=new_custom_messages_
tls_keysecure_location=
health_check_class=
health_check_methods=
uninstall_related_apps=false
default_device_timezone=GMT
default_device_time_format=24
default_device_language=en_US
android_screen_record_size=
android_screen_record_bitrate=1000000
android_enable_bug_report=true
ios_screen_record_quality=MEDIUM
ios_screen_record_codec=libx264
ios_screen_record_fps=10
screen_record_duration=180
video_scale=-2:720
ignore_ssl=false
test_run_rules=
hub_mode=selenium
selenium_host=http://localhost:4444/wd/hub

------------- Driver capabilities -----------
================================================

2020-07-26 20:56:39 L10N [ERROR] Unable to use L10N resources yet using Java 9+!
2020-07-26 20:56:41 CarinaListener [INFO] Set thread_count=1
2020-07-26 20:56:41 CarinaListener [INFO] CARINA_CORE_VERSION: 6.4.38
2020-07-26 20:56:41 Messager [INFO]  TEST [carina_qa - testGetAzureUsers] STARTED at [20:56:41 2020-07-26]
2020-07-26 20:56:45 AbstractApiMethod [INFO] Request method:	GET
Request URI:	https://fakerestapi.azurewebsites.net/api/Users
Proxy:			<none>
Request params:	<none>
Query params:	<none>
Form params:	<none>
Path params:	<none>
Headers:		Accept=*/*
				Content-Type=application/json; charset=UTF-8
Cookies:		<none>
Multiparts:		<none>
Body:			<none>
HTTP/1.1 200 OK
Cache-Control: no-cache
Pragma: no-cache
Content-Length: 253
Content-Type: application/json; charset=utf-8
Content-Encoding: gzip
Expires: -1
Vary: Accept-Encoding
Server: Microsoft-IIS/10.0
X-AspNet-Version: 4.0.30319
X-Powered-By: ASP.NET
Set-Cookie: ARRAffinity=cb4308daf0949850fad2bc32568054bec0fe12274c3f98e30180df1cb3df6576;Path=/;HttpOnly;Domain=fakerestapi.azurewebsites.net
Date: Sun, 26 Jul 2020 17:56:42 GMT

[
    {
        "ID": 1,
        "UserName": "User 1",
        "Password": "Password1"
    },
    {
        "ID": 2,
        "UserName": "User 2",
        "Password": "Password2"
    },
    {
        "ID": 3,
        "UserName": "User 3",
        "Password": "Password3"
    },
    {
        "ID": 4,
        "UserName": "User 4",
        "Password": "Password4"
    },
    {
        "ID": 5,
        "UserName": "User 5",
        "Password": "Password5"
    },
    {
        "ID": 6,
        "UserName": "User 6",
        "Password": "Password6"
    },
    {
        "ID": 7,
        "UserName": "User 7",
        "Password": "Password7"
    },
    {
        "ID": 8,
        "UserName": "User 8",
        "Password": "Password8"
    },
    {
        "ID": 9,
        "UserName": "User 9",
        "Password": "Password9"
    },
    {
        "ID": 10,
        "UserName": "User 10",
        "Password": "Password10"
    }
]

2020-07-26 20:56:45 Messager [ERROR]  TEST [carina_qa - testGetAzureUsers] FAILED at [20:56:45 2020-07-26] - [0].ID
Expected: string
     got: 1
 ; [0].Password
Expected: string
     got: Password1
 ; [0].UserName
Expected: string
     got: User 1


org.skyscreamer.jsonassert.JSONAssert.assertEquals(JSONAssert.java:482)
org.skyscreamer.jsonassert.JSONAssert.assertEquals(JSONAssert.java:464)
com.qaprosoft.carina.core.foundation.api.AbstractApiMethodV2.validateResponse(AbstractApiMethodV2.java:228)
com.solvd.carina.demo.APISampleTestV2.testGetAzureUsers(APISampleTestV2.java:65)
java.base/jdk.internal.reflect.NativeMethodAccessorImpl.invoke0(Native Method)
java.base/jdk.internal.reflect.NativeMethodAccessorImpl.invoke(NativeMethodAccessorImpl.java:62)
java.base/jdk.internal.reflect.DelegatingMethodAccessorImpl.invoke(DelegatingMethodAccessorImpl.java:43)
java.base/java.lang.reflect.Method.invoke(Method.java:566)
org.testng.internal.MethodInvocationHelper.invokeMethod(MethodInvocationHelper.java:134)
org.testng.internal.TestInvoker.invokeMethod(TestInvoker.java:597)
org.testng.internal.TestInvoker.invokeTestMethod(TestInvoker.java:173)
org.testng.internal.MethodRunner.runInSequence(MethodRunner.java:46)
org.testng.internal.TestInvoker$MethodInvocationAgent.invoke(TestInvoker.java:816)
org.testng.internal.TestInvoker.invokeTestMethods(TestInvoker.java:146)
org.testng.internal.TestMethodWorker.invokeTestMethods(TestMethodWorker.java:146)
org.testng.internal.TestMethodWorker.run(TestMethodWorker.java:128)
java.base/java.util.ArrayList.forEach(ArrayList.java:1540)
org.testng.TestRunner.privateRun(TestRunner.java:766)
org.testng.TestRunner.run(TestRunner.java:587)
org.testng.SuiteRunner.runTest(SuiteRunner.java:384)
org.testng.SuiteRunner.runSequentially(SuiteRunner.java:378)
org.testng.SuiteRunner.privateRun(SuiteRunner.java:337)
org.testng.SuiteRunner.run(SuiteRunner.java:286)
org.testng.SuiteRunnerWorker.runSuite(SuiteRunnerWorker.java:53)
org.testng.SuiteRunnerWorker.run(SuiteRunnerWorker.java:96)
org.testng.TestNG.runSuitesSequentially(TestNG.java:1187)
org.testng.TestNG.runSuitesLocally(TestNG.java:1109)
org.testng.TestNG.runSuites(TestNG.java:1039)
org.testng.TestNG.run(TestNG.java:1007)
com.intellij.rt.testng.IDEARemoteTestNG.run(IDEARemoteTestNG.java:66)
com.intellij.rt.testng.RemoteTestNGStarter.main(RemoteTestNGStarter.java:110)
2020-07-26 20:56:45 Messager [INFO] INFO: '**************** Test execution summary ****************'.
2020-07-26 20:56:45 Messager [INFO] RESULT #1: TEST [carina_qa - testGetAzureUsers] FAIL [log=./1595786199660/7149ee56-b939-46c5-b70e-2d595c32a042/test.log]
2020-07-26 20:57:55 CarinaListener [INFO] 
============= Test configuration =============
url=https://www.gsmarena.com
env=DEMO
env_arg_resolver=com.qaprosoft.carina.core.foundation.utils.DefaultEnvArgResolver
browser=
browser_version=
browser_language=
selenium_host=http://localhost:4444/wd/hub
driver_event_listeners=
max_driver_count=3
custom_capabilities=
chrome_args=
chrome_experimental_opts=
chrome_mobile_emulation_opts=
firefox_args=
firefox_preferences=
app_version=
proxy_host=
proxy_port=
proxy_protocols=http,https,ftp
no_proxy=
browsermob_proxy=false
browsermob_host=
browsermob_port=0
browsermob_ports_range=
browsermob_disabled_mitm=false
proxy_set_to_system=false
report_url=
email_list=
failure_email_list=
track_known_issues=false
auto_screenshot=true
explicit_timeout=20
auto_download=false
auto_download_apps=
auto_download_folder=
custom_artifacts_folder=
retry_interval=5
project_report_directory=./reports/qa
max_screen_history=10
max_log_file_size=150
result_sorting=true
big_screen_width=-1
big_screen_height=-1
small_screen_width=90
small_screen_height=60
init_retry_count=0
init_retry_interval=1
retry_count=0
enable_l10n=true
l10n_encoding=ISO-8859-1
locale=en_US
thread_count=-1
data_provider_thread_count=1
core_log_level=INFO
core_log_packages=com.qaprosoft.carina.core
artifacts_expiration_seconds=2592000
log_all_json=true
date_format=HH:mm:ss yyyy-MM-dd
time_format=HH:mm:ss
suite_name=
jira_updater=com.qaprosoft.carina.core.foundation.jira.DefaultJiraUpdater
jira_url=
jira_user=
jira_password=
jira_suite_id=
jira_project=
jira_project_short=
jira_create_new_ticket=false
test_naming_pattern={method_name}
element_loading_strategy=BY_PRESENCE_OR_VISIBILITY
page_opening_strategy=BY_URL_AND_ELEMENT
forcibly_disable_driver_quit=false
testrail_run_name=
testrail_milestone=
testrail_assignee=
qtest_cycle_name=DailyAutomation
qtest_suite_name=
s3_bucket_name=
access_key_id=
secret_key=
s3_use_presign_url=false
s3_local_storage=.
appcenter_token=
appcenter_local_storage=.
add_new_localization=false
add_new_localization_encoding=utf-8
add_new_localization_path=
add_new_localization_property_name=new_custom_messages_
tls_keysecure_location=
health_check_class=
health_check_methods=
uninstall_related_apps=false
default_device_timezone=GMT
default_device_time_format=24
default_device_language=en_US
android_screen_record_size=
android_screen_record_bitrate=1000000
android_enable_bug_report=true
ios_screen_record_quality=MEDIUM
ios_screen_record_codec=libx264
ios_screen_record_fps=10
screen_record_duration=180
video_scale=-2:720
ignore_ssl=false
test_run_rules=
hub_mode=selenium
selenium_host=http://localhost:4444/wd/hub

------------- Driver capabilities -----------
================================================

2020-07-26 20:57:56 L10N [ERROR] Unable to use L10N resources yet using Java 9+!
2020-07-26 20:57:58 CarinaListener [INFO] Set thread_count=1
2020-07-26 20:57:58 CarinaListener [INFO] CARINA_CORE_VERSION: 6.4.38
2020-07-26 20:57:58 Messager [INFO]  TEST [carina_qa - testGetAzureUsers] STARTED at [20:57:58 2020-07-26]
2020-07-26 20:58:02 AbstractApiMethod [INFO] Request method:	GET
Request URI:	https://fakerestapi.azurewebsites.net/api/Users
Proxy:			<none>
Request params:	<none>
Query params:	<none>
Form params:	<none>
Path params:	<none>
Headers:		Accept=*/*
				Content-Type=application/json; charset=UTF-8
Cookies:		<none>
Multiparts:		<none>
Body:			<none>
HTTP/1.1 200 OK
Cache-Control: no-cache
Pragma: no-cache
Content-Length: 253
Content-Type: application/json; charset=utf-8
Content-Encoding: gzip
Expires: -1
Vary: Accept-Encoding
Server: Microsoft-IIS/10.0
X-AspNet-Version: 4.0.30319
X-Powered-By: ASP.NET
Set-Cookie: ARRAffinity=cb4308daf0949850fad2bc32568054bec0fe12274c3f98e30180df1cb3df6576;Path=/;HttpOnly;Domain=fakerestapi.azurewebsites.net
Date: Sun, 26 Jul 2020 17:57:59 GMT

[
    {
        "ID": 1,
        "UserName": "User 1",
        "Password": "Password1"
    },
    {
        "ID": 2,
        "UserName": "User 2",
        "Password": "Password2"
    },
    {
        "ID": 3,
        "UserName": "User 3",
        "Password": "Password3"
    },
    {
        "ID": 4,
        "UserName": "User 4",
        "Password": "Password4"
    },
    {
        "ID": 5,
        "UserName": "User 5",
        "Password": "Password5"
    },
    {
        "ID": 6,
        "UserName": "User 6",
        "Password": "Password6"
    },
    {
        "ID": 7,
        "UserName": "User 7",
        "Password": "Password7"
    },
    {
        "ID": 8,
        "UserName": "User 8",
        "Password": "Password8"
    },
    {
        "ID": 9,
        "UserName": "User 9",
        "Password": "Password9"
    },
    {
        "ID": 10,
        "UserName": "User 10",
        "Password": "Password10"
    }
]

2020-07-26 20:58:02 Messager [ERROR]  TEST [carina_qa - testGetAzureUsers] FAILED at [20:58:02 2020-07-26] - [0].ID
Value type 'Integer' doesn't match to expected type 'String'


org.skyscreamer.jsonassert.JSONAssert.assertEquals(JSONAssert.java:482)
org.skyscreamer.jsonassert.JSONAssert.assertEquals(JSONAssert.java:464)
com.qaprosoft.carina.core.foundation.api.AbstractApiMethodV2.validateResponse(AbstractApiMethodV2.java:228)
com.solvd.carina.demo.APISampleTestV2.testGetAzureUsers(APISampleTestV2.java:65)
java.base/jdk.internal.reflect.NativeMethodAccessorImpl.invoke0(Native Method)
java.base/jdk.internal.reflect.NativeMethodAccessorImpl.invoke(NativeMethodAccessorImpl.java:62)
java.base/jdk.internal.reflect.DelegatingMethodAccessorImpl.invoke(DelegatingMethodAccessorImpl.java:43)
java.base/java.lang.reflect.Method.invoke(Method.java:566)
org.testng.internal.MethodInvocationHelper.invokeMethod(MethodInvocationHelper.java:134)
org.testng.internal.TestInvoker.invokeMethod(TestInvoker.java:597)
org.testng.internal.TestInvoker.invokeTestMethod(TestInvoker.java:173)
org.testng.internal.MethodRunner.runInSequence(MethodRunner.java:46)
org.testng.internal.TestInvoker$MethodInvocationAgent.invoke(TestInvoker.java:816)
org.testng.internal.TestInvoker.invokeTestMethods(TestInvoker.java:146)
org.testng.internal.TestMethodWorker.invokeTestMethods(TestMethodWorker.java:146)
org.testng.internal.TestMethodWorker.run(TestMethodWorker.java:128)
java.base/java.util.ArrayList.forEach(ArrayList.java:1540)
org.testng.TestRunner.privateRun(TestRunner.java:766)
org.testng.TestRunner.run(TestRunner.java:587)
org.testng.SuiteRunner.runTest(SuiteRunner.java:384)
org.testng.SuiteRunner.runSequentially(SuiteRunner.java:378)
org.testng.SuiteRunner.privateRun(SuiteRunner.java:337)
org.testng.SuiteRunner.run(SuiteRunner.java:286)
org.testng.SuiteRunnerWorker.runSuite(SuiteRunnerWorker.java:53)
org.testng.SuiteRunnerWorker.run(SuiteRunnerWorker.java:96)
org.testng.TestNG.runSuitesSequentially(TestNG.java:1187)
org.testng.TestNG.runSuitesLocally(TestNG.java:1109)
org.testng.TestNG.runSuites(TestNG.java:1039)
org.testng.TestNG.run(TestNG.java:1007)
com.intellij.rt.testng.IDEARemoteTestNG.run(IDEARemoteTestNG.java:66)
com.intellij.rt.testng.RemoteTestNGStarter.main(RemoteTestNGStarter.java:110)
2020-07-26 20:58:02 Messager [INFO] INFO: '**************** Test execution summary ****************'.
2020-07-26 20:58:02 Messager [INFO] RESULT #1: TEST [carina_qa - testGetAzureUsers] FAIL [log=./1595786276052/90e8d8fc-c9a7-4e9f-86ad-f8f6ab4eb0b9/test.log]
2020-07-26 20:58:59 CarinaListener [INFO] 
============= Test configuration =============
url=https://www.gsmarena.com
env=DEMO
env_arg_resolver=com.qaprosoft.carina.core.foundation.utils.DefaultEnvArgResolver
browser=
browser_version=
browser_language=
selenium_host=http://localhost:4444/wd/hub
driver_event_listeners=
max_driver_count=3
custom_capabilities=
chrome_args=
chrome_experimental_opts=
chrome_mobile_emulation_opts=
firefox_args=
firefox_preferences=
app_version=
proxy_host=
proxy_port=
proxy_protocols=http,https,ftp
no_proxy=
browsermob_proxy=false
browsermob_host=
browsermob_port=0
browsermob_ports_range=
browsermob_disabled_mitm=false
proxy_set_to_system=false
report_url=
email_list=
failure_email_list=
track_known_issues=false
auto_screenshot=true
explicit_timeout=20
auto_download=false
auto_download_apps=
auto_download_folder=
custom_artifacts_folder=
retry_interval=5
project_report_directory=./reports/qa
max_screen_history=10
max_log_file_size=150
result_sorting=true
big_screen_width=-1
big_screen_height=-1
small_screen_width=90
small_screen_height=60
init_retry_count=0
init_retry_interval=1
retry_count=0
enable_l10n=true
l10n_encoding=ISO-8859-1
locale=en_US
thread_count=-1
data_provider_thread_count=1
core_log_level=INFO
core_log_packages=com.qaprosoft.carina.core
artifacts_expiration_seconds=2592000
log_all_json=true
date_format=HH:mm:ss yyyy-MM-dd
time_format=HH:mm:ss
suite_name=
jira_updater=com.qaprosoft.carina.core.foundation.jira.DefaultJiraUpdater
jira_url=
jira_user=
jira_password=
jira_suite_id=
jira_project=
jira_project_short=
jira_create_new_ticket=false
test_naming_pattern={method_name}
element_loading_strategy=BY_PRESENCE_OR_VISIBILITY
page_opening_strategy=BY_URL_AND_ELEMENT
forcibly_disable_driver_quit=false
testrail_run_name=
testrail_milestone=
testrail_assignee=
qtest_cycle_name=DailyAutomation
qtest_suite_name=
s3_bucket_name=
access_key_id=
secret_key=
s3_use_presign_url=false
s3_local_storage=.
appcenter_token=
appcenter_local_storage=.
add_new_localization=false
add_new_localization_encoding=utf-8
add_new_localization_path=
add_new_localization_property_name=new_custom_messages_
tls_keysecure_location=
health_check_class=
health_check_methods=
uninstall_related_apps=false
default_device_timezone=GMT
default_device_time_format=24
default_device_language=en_US
android_screen_record_size=
android_screen_record_bitrate=1000000
android_enable_bug_report=true
ios_screen_record_quality=MEDIUM
ios_screen_record_codec=libx264
ios_screen_record_fps=10
screen_record_duration=180
video_scale=-2:720
ignore_ssl=false
test_run_rules=
hub_mode=selenium
selenium_host=http://localhost:4444/wd/hub

------------- Driver capabilities -----------
================================================

2020-07-26 20:58:59 L10N [ERROR] Unable to use L10N resources yet using Java 9+!
2020-07-26 20:59:00 CarinaListener [INFO] Set thread_count=1
2020-07-26 20:59:00 CarinaListener [INFO] CARINA_CORE_VERSION: 6.4.38
2020-07-26 20:59:00 Messager [INFO]  TEST [carina_qa - testGetAzureUsers] STARTED at [20:59:00 2020-07-26]
2020-07-26 20:59:04 AbstractApiMethod [INFO] Request method:	GET
Request URI:	https://fakerestapi.azurewebsites.net/api/Users
Proxy:			<none>
Request params:	<none>
Query params:	<none>
Form params:	<none>
Path params:	<none>
Headers:		Accept=*/*
				Content-Type=application/json; charset=UTF-8
Cookies:		<none>
Multiparts:		<none>
Body:			<none>
HTTP/1.1 200 OK
Cache-Control: no-cache
Pragma: no-cache
Content-Length: 253
Content-Type: application/json; charset=utf-8
Content-Encoding: gzip
Expires: -1
Vary: Accept-Encoding
Server: Microsoft-IIS/10.0
X-AspNet-Version: 4.0.30319
X-Powered-By: ASP.NET
Set-Cookie: ARRAffinity=cb4308daf0949850fad2bc32568054bec0fe12274c3f98e30180df1cb3df6576;Path=/;HttpOnly;Domain=fakerestapi.azurewebsites.net
Date: Sun, 26 Jul 2020 17:59:02 GMT

[
    {
        "ID": 1,
        "UserName": "User 1",
        "Password": "Password1"
    },
    {
        "ID": 2,
        "UserName": "User 2",
        "Password": "Password2"
    },
    {
        "ID": 3,
        "UserName": "User 3",
        "Password": "Password3"
    },
    {
        "ID": 4,
        "UserName": "User 4",
        "Password": "Password4"
    },
    {
        "ID": 5,
        "UserName": "User 5",
        "Password": "Password5"
    },
    {
        "ID": 6,
        "UserName": "User 6",
        "Password": "Password6"
    },
    {
        "ID": 7,
        "UserName": "User 7",
        "Password": "Password7"
    },
    {
        "ID": 8,
        "UserName": "User 8",
        "Password": "Password8"
    },
    {
        "ID": 9,
        "UserName": "User 9",
        "Password": "Password9"
    },
    {
        "ID": 10,
        "UserName": "User 10",
        "Password": "Password10"
    }
]

2020-07-26 20:59:05 JsonValidator [INFO] JSON schema of version below or equal to draft-04 was detected
2020-07-26 20:59:06 Messager [ERROR]  TEST [carina_qa - testGetAzureUsers] FAILED at [20:59:06 2020-07-26] - Validation against Json schema failed: 
[/0]: object has missing required properties (["address","company","email","id","name","phone","username","website"])
[/1]: object has missing required properties (["address","company","email","id","name","phone","username","website"])
[/2]: object has missing required properties (["address","company","email","id","name","phone","username","website"])
[/3]: object has missing required properties (["address","company","email","id","name","phone","username","website"])
[/4]: object has missing required properties (["address","company","email","id","name","phone","username","website"])
[/5]: object has missing required properties (["address","company","email","id","name","phone","username","website"])
[/6]: object has missing required properties (["address","company","email","id","name","phone","username","website"])
[/7]: object has missing required properties (["address","company","email","id","name","phone","username","website"])
[/8]: object has missing required properties (["address","company","email","id","name","phone","username","website"])
[/9]: object has missing required properties (["address","company","email","id","name","phone","username","website"])


com.qaprosoft.apitools.validation.JsonValidator.validateJsonAgainstSchemaV3V4(JsonValidator.java:117)
com.qaprosoft.apitools.validation.JsonValidator.validateJsonAgainstSchema(JsonValidator.java:61)
com.qaprosoft.carina.core.foundation.api.AbstractApiMethodV2.validateResponseAgainstSchema(AbstractApiMethodV2.java:275)
com.solvd.carina.demo.APISampleTestV2.testGetAzureUsers(APISampleTestV2.java:66)
java.base/jdk.internal.reflect.NativeMethodAccessorImpl.invoke0(Native Method)
java.base/jdk.internal.reflect.NativeMethodAccessorImpl.invoke(NativeMethodAccessorImpl.java:62)
java.base/jdk.internal.reflect.DelegatingMethodAccessorImpl.invoke(DelegatingMethodAccessorImpl.java:43)
java.base/java.lang.reflect.Method.invoke(Method.java:566)
org.testng.internal.MethodInvocationHelper.invokeMethod(MethodInvocationHelper.java:134)
org.testng.internal.TestInvoker.invokeMethod(TestInvoker.java:597)
org.testng.internal.TestInvoker.invokeTestMethod(TestInvoker.java:173)
org.testng.internal.MethodRunner.runInSequence(MethodRunner.java:46)
org.testng.internal.TestInvoker$MethodInvocationAgent.invoke(TestInvoker.java:816)
org.testng.internal.TestInvoker.invokeTestMethods(TestInvoker.java:146)
org.testng.internal.TestMethodWorker.invokeTestMethods(TestMethodWorker.java:146)
org.testng.internal.TestMethodWorker.run(TestMethodWorker.java:128)
java.base/java.util.ArrayList.forEach(ArrayList.java:1540)
org.testng.TestRunner.privateRun(TestRunner.java:766)
org.testng.TestRunner.run(TestRunner.java:587)
org.testng.SuiteRunner.runTest(SuiteRunner.java:384)
org.testng.SuiteRunner.runSequentially(SuiteRunner.java:378)
org.testng.SuiteRunner.privateRun(SuiteRunner.java:337)
org.testng.SuiteRunner.run(SuiteRunner.java:286)
org.testng.SuiteRunnerWorker.runSuite(SuiteRunnerWorker.java:53)
org.testng.SuiteRunnerWorker.run(SuiteRunnerWorker.java:96)
org.testng.TestNG.runSuitesSequentially(TestNG.java:1187)
org.testng.TestNG.runSuitesLocally(TestNG.java:1109)
org.testng.TestNG.runSuites(TestNG.java:1039)
org.testng.TestNG.run(TestNG.java:1007)
com.intellij.rt.testng.IDEARemoteTestNG.run(IDEARemoteTestNG.java:66)
com.intellij.rt.testng.RemoteTestNGStarter.main(RemoteTestNGStarter.java:110)
2020-07-26 20:59:06 Messager [INFO] INFO: '**************** Test execution summary ****************'.
2020-07-26 20:59:06 Messager [INFO] RESULT #1: TEST [carina_qa - testGetAzureUsers] FAIL [log=./1595786339253/7b0ae9d1-4eb4-4938-9c64-b1a73a1e0e44/test.log]
2020-07-26 20:59:41 CarinaListener [INFO] 
============= Test configuration =============
url=https://www.gsmarena.com
env=DEMO
env_arg_resolver=com.qaprosoft.carina.core.foundation.utils.DefaultEnvArgResolver
browser=
browser_version=
browser_language=
selenium_host=http://localhost:4444/wd/hub
driver_event_listeners=
max_driver_count=3
custom_capabilities=
chrome_args=
chrome_experimental_opts=
chrome_mobile_emulation_opts=
firefox_args=
firefox_preferences=
app_version=
proxy_host=
proxy_port=
proxy_protocols=http,https,ftp
no_proxy=
browsermob_proxy=false
browsermob_host=
browsermob_port=0
browsermob_ports_range=
browsermob_disabled_mitm=false
proxy_set_to_system=false
report_url=
email_list=
failure_email_list=
track_known_issues=false
auto_screenshot=true
explicit_timeout=20
auto_download=false
auto_download_apps=
auto_download_folder=
custom_artifacts_folder=
retry_interval=5
project_report_directory=./reports/qa
max_screen_history=10
max_log_file_size=150
result_sorting=true
big_screen_width=-1
big_screen_height=-1
small_screen_width=90
small_screen_height=60
init_retry_count=0
init_retry_interval=1
retry_count=0
enable_l10n=true
l10n_encoding=ISO-8859-1
locale=en_US
thread_count=-1
data_provider_thread_count=1
core_log_level=INFO
core_log_packages=com.qaprosoft.carina.core
artifacts_expiration_seconds=2592000
log_all_json=true
date_format=HH:mm:ss yyyy-MM-dd
time_format=HH:mm:ss
suite_name=
jira_updater=com.qaprosoft.carina.core.foundation.jira.DefaultJiraUpdater
jira_url=
jira_user=
jira_password=
jira_suite_id=
jira_project=
jira_project_short=
jira_create_new_ticket=false
test_naming_pattern={method_name}
element_loading_strategy=BY_PRESENCE_OR_VISIBILITY
page_opening_strategy=BY_URL_AND_ELEMENT
forcibly_disable_driver_quit=false
testrail_run_name=
testrail_milestone=
testrail_assignee=
qtest_cycle_name=DailyAutomation
qtest_suite_name=
s3_bucket_name=
access_key_id=
secret_key=
s3_use_presign_url=false
s3_local_storage=.
appcenter_token=
appcenter_local_storage=.
add_new_localization=false
add_new_localization_encoding=utf-8
add_new_localization_path=
add_new_localization_property_name=new_custom_messages_
tls_keysecure_location=
health_check_class=
health_check_methods=
uninstall_related_apps=false
default_device_timezone=GMT
default_device_time_format=24
default_device_language=en_US
android_screen_record_size=
android_screen_record_bitrate=1000000
android_enable_bug_report=true
ios_screen_record_quality=MEDIUM
ios_screen_record_codec=libx264
ios_screen_record_fps=10
screen_record_duration=180
video_scale=-2:720
ignore_ssl=false
test_run_rules=
hub_mode=selenium
selenium_host=http://localhost:4444/wd/hub

------------- Driver capabilities -----------
================================================

2020-07-26 20:59:41 L10N [ERROR] Unable to use L10N resources yet using Java 9+!
2020-07-26 20:59:43 CarinaListener [INFO] Set thread_count=1
2020-07-26 20:59:43 CarinaListener [INFO] CARINA_CORE_VERSION: 6.4.38
2020-07-26 20:59:43 Messager [INFO]  TEST [carina_qa - testGetAzureUsers] STARTED at [20:59:43 2020-07-26]
2020-07-26 20:59:47 AbstractApiMethod [INFO] Request method:	GET
Request URI:	https://fakerestapi.azurewebsites.net/api/Users
Proxy:			<none>
Request params:	<none>
Query params:	<none>
Form params:	<none>
Path params:	<none>
Headers:		Accept=*/*
				Content-Type=application/json; charset=UTF-8
Cookies:		<none>
Multiparts:		<none>
Body:			<none>
HTTP/1.1 200 OK
Cache-Control: no-cache
Pragma: no-cache
Content-Length: 253
Content-Type: application/json; charset=utf-8
Content-Encoding: gzip
Expires: -1
Vary: Accept-Encoding
Server: Microsoft-IIS/10.0
X-AspNet-Version: 4.0.30319
X-Powered-By: ASP.NET
Set-Cookie: ARRAffinity=cb4308daf0949850fad2bc32568054bec0fe12274c3f98e30180df1cb3df6576;Path=/;HttpOnly;Domain=fakerestapi.azurewebsites.net
Date: Sun, 26 Jul 2020 17:59:44 GMT

[
    {
        "ID": 1,
        "UserName": "User 1",
        "Password": "Password1"
    },
    {
        "ID": 2,
        "UserName": "User 2",
        "Password": "Password2"
    },
    {
        "ID": 3,
        "UserName": "User 3",
        "Password": "Password3"
    },
    {
        "ID": 4,
        "UserName": "User 4",
        "Password": "Password4"
    },
    {
        "ID": 5,
        "UserName": "User 5",
        "Password": "Password5"
    },
    {
        "ID": 6,
        "UserName": "User 6",
        "Password": "Password6"
    },
    {
        "ID": 7,
        "UserName": "User 7",
        "Password": "Password7"
    },
    {
        "ID": 8,
        "UserName": "User 8",
        "Password": "Password8"
    },
    {
        "ID": 9,
        "UserName": "User 9",
        "Password": "Password9"
    },
    {
        "ID": 10,
        "UserName": "User 10",
        "Password": "Password10"
    }
]

2020-07-26 20:59:47 Messager [ERROR]  TEST [carina_qa - testGetAzureUsers] FAILED at [20:59:47 2020-07-26] - java.io.FileNotFoundException: Template api/azure_users/_get/rs.schema not found.

com.qaprosoft.apitools.builder.MessageBuilder.buildStringMessage(MessageBuilder.java:41)
com.qaprosoft.apitools.message.TemplateMessage.getMessageText(TemplateMessage.java:103)
com.qaprosoft.carina.core.foundation.api.AbstractApiMethodV2.validateResponseAgainstSchema(AbstractApiMethodV2.java:274)
com.solvd.carina.demo.APISampleTestV2.testGetAzureUsers(APISampleTestV2.java:66)
java.base/jdk.internal.reflect.NativeMethodAccessorImpl.invoke0(Native Method)
java.base/jdk.internal.reflect.NativeMethodAccessorImpl.invoke(NativeMethodAccessorImpl.java:62)
java.base/jdk.internal.reflect.DelegatingMethodAccessorImpl.invoke(DelegatingMethodAccessorImpl.java:43)
java.base/java.lang.reflect.Method.invoke(Method.java:566)
org.testng.internal.MethodInvocationHelper.invokeMethod(MethodInvocationHelper.java:134)
org.testng.internal.TestInvoker.invokeMethod(TestInvoker.java:597)
org.testng.internal.TestInvoker.invokeTestMethod(TestInvoker.java:173)
org.testng.internal.MethodRunner.runInSequence(MethodRunner.java:46)
org.testng.internal.TestInvoker$MethodInvocationAgent.invoke(TestInvoker.java:816)
org.testng.internal.TestInvoker.invokeTestMethods(TestInvoker.java:146)
org.testng.internal.TestMethodWorker.invokeTestMethods(TestMethodWorker.java:146)
org.testng.internal.TestMethodWorker.run(TestMethodWorker.java:128)
java.base/java.util.ArrayList.forEach(ArrayList.java:1540)
org.testng.TestRunner.privateRun(TestRunner.java:766)
org.testng.TestRunner.run(TestRunner.java:587)
org.testng.SuiteRunner.runTest(SuiteRunner.java:384)
org.testng.SuiteRunner.runSequentially(SuiteRunner.java:378)
org.testng.SuiteRunner.privateRun(SuiteRunner.java:337)
org.testng.SuiteRunner.run(SuiteRunner.java:286)
org.testng.SuiteRunnerWorker.runSuite(SuiteRunnerWorker.java:53)
org.testng.SuiteRunnerWorker.run(SuiteRunnerWorker.java:96)
org.testng.TestNG.runSuitesSequentially(TestNG.java:1187)
org.testng.TestNG.runSuitesLocally(TestNG.java:1109)
org.testng.TestNG.runSuites(TestNG.java:1039)
org.testng.TestNG.run(TestNG.java:1007)
com.intellij.rt.testng.IDEARemoteTestNG.run(IDEARemoteTestNG.java:66)
com.intellij.rt.testng.RemoteTestNGStarter.main(RemoteTestNGStarter.java:110)
2020-07-26 20:59:47 Messager [INFO] INFO: '**************** Test execution summary ****************'.
2020-07-26 20:59:47 Messager [INFO] RESULT #1: TEST [carina_qa - testGetAzureUsers] FAIL [log=./1595786381350/04afc41e-c33e-4367-95f2-bb26c5651b0b/test.log]
2020-07-26 21:04:08 CarinaListener [INFO] 
============= Test configuration =============
url=https://www.gsmarena.com
env=DEMO
env_arg_resolver=com.qaprosoft.carina.core.foundation.utils.DefaultEnvArgResolver
browser=
browser_version=
browser_language=
selenium_host=http://localhost:4444/wd/hub
driver_event_listeners=
max_driver_count=3
custom_capabilities=
chrome_args=
chrome_experimental_opts=
chrome_mobile_emulation_opts=
firefox_args=
firefox_preferences=
app_version=
proxy_host=
proxy_port=
proxy_protocols=http,https,ftp
no_proxy=
browsermob_proxy=false
browsermob_host=
browsermob_port=0
browsermob_ports_range=
browsermob_disabled_mitm=false
proxy_set_to_system=false
report_url=
email_list=
failure_email_list=
track_known_issues=false
auto_screenshot=true
explicit_timeout=20
auto_download=false
auto_download_apps=
auto_download_folder=
custom_artifacts_folder=
retry_interval=5
project_report_directory=./reports/qa
max_screen_history=10
max_log_file_size=150
result_sorting=true
big_screen_width=-1
big_screen_height=-1
small_screen_width=90
small_screen_height=60
init_retry_count=0
init_retry_interval=1
retry_count=0
enable_l10n=true
l10n_encoding=ISO-8859-1
locale=en_US
thread_count=-1
data_provider_thread_count=1
core_log_level=INFO
core_log_packages=com.qaprosoft.carina.core
artifacts_expiration_seconds=2592000
log_all_json=true
date_format=HH:mm:ss yyyy-MM-dd
time_format=HH:mm:ss
suite_name=
jira_updater=com.qaprosoft.carina.core.foundation.jira.DefaultJiraUpdater
jira_url=
jira_user=
jira_password=
jira_suite_id=
jira_project=
jira_project_short=
jira_create_new_ticket=false
test_naming_pattern={method_name}
element_loading_strategy=BY_PRESENCE_OR_VISIBILITY
page_opening_strategy=BY_URL_AND_ELEMENT
forcibly_disable_driver_quit=false
testrail_run_name=
testrail_milestone=
testrail_assignee=
qtest_cycle_name=DailyAutomation
qtest_suite_name=
s3_bucket_name=
access_key_id=
secret_key=
s3_use_presign_url=false
s3_local_storage=.
appcenter_token=
appcenter_local_storage=.
add_new_localization=false
add_new_localization_encoding=utf-8
add_new_localization_path=
add_new_localization_property_name=new_custom_messages_
tls_keysecure_location=
health_check_class=
health_check_methods=
uninstall_related_apps=false
default_device_timezone=GMT
default_device_time_format=24
default_device_language=en_US
android_screen_record_size=
android_screen_record_bitrate=1000000
android_enable_bug_report=true
ios_screen_record_quality=MEDIUM
ios_screen_record_codec=libx264
ios_screen_record_fps=10
screen_record_duration=180
video_scale=-2:720
ignore_ssl=false
test_run_rules=
hub_mode=selenium
selenium_host=http://localhost:4444/wd/hub

------------- Driver capabilities -----------
================================================

2020-07-26 21:04:08 L10N [ERROR] Unable to use L10N resources yet using Java 9+!
2020-07-26 21:04:11 CarinaListener [INFO] Set thread_count=1
2020-07-26 21:04:11 CarinaListener [INFO] CARINA_CORE_VERSION: 6.4.38
2020-07-26 21:04:11 Messager [INFO]  TEST [carina_qa - testGetAzureUsers] STARTED at [21:04:11 2020-07-26]
2020-07-26 21:04:22 AbstractApiMethod [INFO] Request method:	GET
Request URI:	https://fakerestapi.azurewebsites.net/api/Users
Proxy:			<none>
Request params:	<none>
Query params:	<none>
Form params:	<none>
Path params:	<none>
Headers:		Accept=*/*
				Content-Type=application/json; charset=UTF-8
Cookies:		<none>
Multiparts:		<none>
Body:			<none>
HTTP/1.1 200 OK
Cache-Control: no-cache
Pragma: no-cache
Content-Length: 253
Content-Type: application/json; charset=utf-8
Content-Encoding: gzip
Expires: -1
Vary: Accept-Encoding
Server: Microsoft-IIS/10.0
X-AspNet-Version: 4.0.30319
X-Powered-By: ASP.NET
Set-Cookie: ARRAffinity=cb4308daf0949850fad2bc32568054bec0fe12274c3f98e30180df1cb3df6576;Path=/;HttpOnly;Domain=fakerestapi.azurewebsites.net
Date: Sun, 26 Jul 2020 18:04:19 GMT

[
    {
        "ID": 1,
        "UserName": "User 1",
        "Password": "Password1"
    },
    {
        "ID": 2,
        "UserName": "User 2",
        "Password": "Password2"
    },
    {
        "ID": 3,
        "UserName": "User 3",
        "Password": "Password3"
    },
    {
        "ID": 4,
        "UserName": "User 4",
        "Password": "Password4"
    },
    {
        "ID": 5,
        "UserName": "User 5",
        "Password": "Password5"
    },
    {
        "ID": 6,
        "UserName": "User 6",
        "Password": "Password6"
    },
    {
        "ID": 7,
        "UserName": "User 7",
        "Password": "Password7"
    },
    {
        "ID": 8,
        "UserName": "User 8",
        "Password": "Password8"
    },
    {
        "ID": 9,
        "UserName": "User 9",
        "Password": "Password9"
    },
    {
        "ID": 10,
        "UserName": "User 10",
        "Password": "Password10"
    }
]

2020-07-26 21:04:26 JsonValidator [INFO] JSON schema of version below or equal to draft-04 was detected
2020-07-26 21:04:31 Messager [ERROR]  TEST [carina_qa - testGetAzureUsers] FAILED at [21:04:31 2020-07-26] - Validation against Json schema failed: 
[/0]: object has missing required properties (["id","password","username"])
[/1]: object has missing required properties (["id","password","username"])
[/2]: object has missing required properties (["id","password","username"])
[/3]: object has missing required properties (["id","password","username"])
[/4]: object has missing required properties (["id","password","username"])
[/5]: object has missing required properties (["id","password","username"])
[/6]: object has missing required properties (["id","password","username"])
[/7]: object has missing required properties (["id","password","username"])
[/8]: object has missing required properties (["id","password","username"])
[/9]: object has missing required properties (["id","password","username"])


com.qaprosoft.apitools.validation.JsonValidator.validateJsonAgainstSchemaV3V4(JsonValidator.java:117)
com.qaprosoft.apitools.validation.JsonValidator.validateJsonAgainstSchema(JsonValidator.java:61)
com.qaprosoft.carina.core.foundation.api.AbstractApiMethodV2.validateResponseAgainstSchema(AbstractApiMethodV2.java:275)
com.solvd.carina.demo.APISampleTestV2.testGetAzureUsers(APISampleTestV2.java:66)
java.base/jdk.internal.reflect.NativeMethodAccessorImpl.invoke0(Native Method)
java.base/jdk.internal.reflect.NativeMethodAccessorImpl.invoke(NativeMethodAccessorImpl.java:62)
java.base/jdk.internal.reflect.DelegatingMethodAccessorImpl.invoke(DelegatingMethodAccessorImpl.java:43)
java.base/java.lang.reflect.Method.invoke(Method.java:566)
org.testng.internal.MethodInvocationHelper.invokeMethod(MethodInvocationHelper.java:134)
org.testng.internal.TestInvoker.invokeMethod(TestInvoker.java:597)
org.testng.internal.TestInvoker.invokeTestMethod(TestInvoker.java:173)
org.testng.internal.MethodRunner.runInSequence(MethodRunner.java:46)
org.testng.internal.TestInvoker$MethodInvocationAgent.invoke(TestInvoker.java:816)
org.testng.internal.TestInvoker.invokeTestMethods(TestInvoker.java:146)
org.testng.internal.TestMethodWorker.invokeTestMethods(TestMethodWorker.java:146)
org.testng.internal.TestMethodWorker.run(TestMethodWorker.java:128)
java.base/java.util.ArrayList.forEach(ArrayList.java:1540)
org.testng.TestRunner.privateRun(TestRunner.java:766)
org.testng.TestRunner.run(TestRunner.java:587)
org.testng.SuiteRunner.runTest(SuiteRunner.java:384)
org.testng.SuiteRunner.runSequentially(SuiteRunner.java:378)
org.testng.SuiteRunner.privateRun(SuiteRunner.java:337)
org.testng.SuiteRunner.run(SuiteRunner.java:286)
org.testng.SuiteRunnerWorker.runSuite(SuiteRunnerWorker.java:53)
org.testng.SuiteRunnerWorker.run(SuiteRunnerWorker.java:96)
org.testng.TestNG.runSuitesSequentially(TestNG.java:1187)
org.testng.TestNG.runSuitesLocally(TestNG.java:1109)
org.testng.TestNG.runSuites(TestNG.java:1039)
org.testng.TestNG.run(TestNG.java:1007)
com.intellij.rt.testng.IDEARemoteTestNG.run(IDEARemoteTestNG.java:66)
com.intellij.rt.testng.RemoteTestNGStarter.main(RemoteTestNGStarter.java:110)
2020-07-26 21:04:32 Messager [INFO] INFO: '**************** Test execution summary ****************'.
2020-07-26 21:04:32 Messager [INFO] RESULT #1: TEST [carina_qa - testGetAzureUsers] FAIL [log=./1595786648491/f36b2e1e-704f-49ba-bc13-45ebceddd70a/test.log]
2020-07-26 21:05:43 CarinaListener [INFO] 
============= Test configuration =============
url=https://www.gsmarena.com
env=DEMO
env_arg_resolver=com.qaprosoft.carina.core.foundation.utils.DefaultEnvArgResolver
browser=
browser_version=
browser_language=
selenium_host=http://localhost:4444/wd/hub
driver_event_listeners=
max_driver_count=3
custom_capabilities=
chrome_args=
chrome_experimental_opts=
chrome_mobile_emulation_opts=
firefox_args=
firefox_preferences=
app_version=
proxy_host=
proxy_port=
proxy_protocols=http,https,ftp
no_proxy=
browsermob_proxy=false
browsermob_host=
browsermob_port=0
browsermob_ports_range=
browsermob_disabled_mitm=false
proxy_set_to_system=false
report_url=
email_list=
failure_email_list=
track_known_issues=false
auto_screenshot=true
explicit_timeout=20
auto_download=false
auto_download_apps=
auto_download_folder=
custom_artifacts_folder=
retry_interval=5
project_report_directory=./reports/qa
max_screen_history=10
max_log_file_size=150
result_sorting=true
big_screen_width=-1
big_screen_height=-1
small_screen_width=90
small_screen_height=60
init_retry_count=0
init_retry_interval=1
retry_count=0
enable_l10n=true
l10n_encoding=ISO-8859-1
locale=en_US
thread_count=-1
data_provider_thread_count=1
core_log_level=INFO
core_log_packages=com.qaprosoft.carina.core
artifacts_expiration_seconds=2592000
log_all_json=true
date_format=HH:mm:ss yyyy-MM-dd
time_format=HH:mm:ss
suite_name=
jira_updater=com.qaprosoft.carina.core.foundation.jira.DefaultJiraUpdater
jira_url=
jira_user=
jira_password=
jira_suite_id=
jira_project=
jira_project_short=
jira_create_new_ticket=false
test_naming_pattern={method_name}
element_loading_strategy=BY_PRESENCE_OR_VISIBILITY
page_opening_strategy=BY_URL_AND_ELEMENT
forcibly_disable_driver_quit=false
testrail_run_name=
testrail_milestone=
testrail_assignee=
qtest_cycle_name=DailyAutomation
qtest_suite_name=
s3_bucket_name=
access_key_id=
secret_key=
s3_use_presign_url=false
s3_local_storage=.
appcenter_token=
appcenter_local_storage=.
add_new_localization=false
add_new_localization_encoding=utf-8
add_new_localization_path=
add_new_localization_property_name=new_custom_messages_
tls_keysecure_location=
health_check_class=
health_check_methods=
uninstall_related_apps=false
default_device_timezone=GMT
default_device_time_format=24
default_device_language=en_US
android_screen_record_size=
android_screen_record_bitrate=1000000
android_enable_bug_report=true
ios_screen_record_quality=MEDIUM
ios_screen_record_codec=libx264
ios_screen_record_fps=10
screen_record_duration=180
video_scale=-2:720
ignore_ssl=false
test_run_rules=
hub_mode=selenium
selenium_host=http://localhost:4444/wd/hub

------------- Driver capabilities -----------
================================================

2020-07-26 21:05:43 L10N [ERROR] Unable to use L10N resources yet using Java 9+!
2020-07-26 21:05:45 CarinaListener [INFO] Set thread_count=1
2020-07-26 21:05:45 CarinaListener [INFO] CARINA_CORE_VERSION: 6.4.38
2020-07-26 21:05:45 Messager [INFO]  TEST [carina_qa - testGetAzureUsers] STARTED at [21:05:45 2020-07-26]
2020-07-26 21:05:48 AbstractApiMethod [INFO] Request method:	GET
Request URI:	https://fakerestapi.azurewebsites.net/api/Users
Proxy:			<none>
Request params:	<none>
Query params:	<none>
Form params:	<none>
Path params:	<none>
Headers:		Accept=*/*
				Content-Type=application/json; charset=UTF-8
Cookies:		<none>
Multiparts:		<none>
Body:			<none>
HTTP/1.1 200 OK
Cache-Control: no-cache
Pragma: no-cache
Content-Length: 253
Content-Type: application/json; charset=utf-8
Content-Encoding: gzip
Expires: -1
Vary: Accept-Encoding
Server: Microsoft-IIS/10.0
X-AspNet-Version: 4.0.30319
X-Powered-By: ASP.NET
Set-Cookie: ARRAffinity=cb4308daf0949850fad2bc32568054bec0fe12274c3f98e30180df1cb3df6576;Path=/;HttpOnly;Domain=fakerestapi.azurewebsites.net
Date: Sun, 26 Jul 2020 18:05:46 GMT

[
    {
        "ID": 1,
        "UserName": "User 1",
        "Password": "Password1"
    },
    {
        "ID": 2,
        "UserName": "User 2",
        "Password": "Password2"
    },
    {
        "ID": 3,
        "UserName": "User 3",
        "Password": "Password3"
    },
    {
        "ID": 4,
        "UserName": "User 4",
        "Password": "Password4"
    },
    {
        "ID": 5,
        "UserName": "User 5",
        "Password": "Password5"
    },
    {
        "ID": 6,
        "UserName": "User 6",
        "Password": "Password6"
    },
    {
        "ID": 7,
        "UserName": "User 7",
        "Password": "Password7"
    },
    {
        "ID": 8,
        "UserName": "User 8",
        "Password": "Password8"
    },
    {
        "ID": 9,
        "UserName": "User 9",
        "Password": "Password9"
    },
    {
        "ID": 10,
        "UserName": "User 10",
        "Password": "Password10"
    }
]

2020-07-26 21:05:49 JsonValidator [INFO] JSON schema of version below or equal to draft-04 was detected
2020-07-26 21:05:50 JsonValidator [INFO] Validation against Json schema successfully passed
2020-07-26 21:05:50 Messager [INFO]  TEST [carina_qa - testGetAzureUsers] PASSED at [21:05:50 2020-07-26]
2020-07-26 21:05:50 Messager [INFO] INFO: '**************** Test execution summary ****************'.
2020-07-26 21:05:50 Messager [INFO] RESULT #1: TEST [carina_qa - testGetAzureUsers] PASS [log=./1595786743408/844fb9ff-e87b-42b3-8558-a0b0ad345311/test.log]
2020-07-26 21:06:46 CarinaListener [INFO] 
============= Test configuration =============
url=https://www.gsmarena.com
env=DEMO
env_arg_resolver=com.qaprosoft.carina.core.foundation.utils.DefaultEnvArgResolver
browser=
browser_version=
browser_language=
selenium_host=http://localhost:4444/wd/hub
driver_event_listeners=
max_driver_count=3
custom_capabilities=
chrome_args=
chrome_experimental_opts=
chrome_mobile_emulation_opts=
firefox_args=
firefox_preferences=
app_version=
proxy_host=
proxy_port=
proxy_protocols=http,https,ftp
no_proxy=
browsermob_proxy=false
browsermob_host=
browsermob_port=0
browsermob_ports_range=
browsermob_disabled_mitm=false
proxy_set_to_system=false
report_url=
email_list=
failure_email_list=
track_known_issues=false
auto_screenshot=true
explicit_timeout=20
auto_download=false
auto_download_apps=
auto_download_folder=
custom_artifacts_folder=
retry_interval=5
project_report_directory=./reports/qa
max_screen_history=10
max_log_file_size=150
result_sorting=true
big_screen_width=-1
big_screen_height=-1
small_screen_width=90
small_screen_height=60
init_retry_count=0
init_retry_interval=1
retry_count=0
enable_l10n=true
l10n_encoding=ISO-8859-1
locale=en_US
thread_count=-1
data_provider_thread_count=1
core_log_level=INFO
core_log_packages=com.qaprosoft.carina.core
artifacts_expiration_seconds=2592000
log_all_json=true
date_format=HH:mm:ss yyyy-MM-dd
time_format=HH:mm:ss
suite_name=
jira_updater=com.qaprosoft.carina.core.foundation.jira.DefaultJiraUpdater
jira_url=
jira_user=
jira_password=
jira_suite_id=
jira_project=
jira_project_short=
jira_create_new_ticket=false
test_naming_pattern={method_name}
element_loading_strategy=BY_PRESENCE_OR_VISIBILITY
page_opening_strategy=BY_URL_AND_ELEMENT
forcibly_disable_driver_quit=false
testrail_run_name=
testrail_milestone=
testrail_assignee=
qtest_cycle_name=DailyAutomation
qtest_suite_name=
s3_bucket_name=
access_key_id=
secret_key=
s3_use_presign_url=false
s3_local_storage=.
appcenter_token=
appcenter_local_storage=.
add_new_localization=false
add_new_localization_encoding=utf-8
add_new_localization_path=
add_new_localization_property_name=new_custom_messages_
tls_keysecure_location=
health_check_class=
health_check_methods=
uninstall_related_apps=false
default_device_timezone=GMT
default_device_time_format=24
default_device_language=en_US
android_screen_record_size=
android_screen_record_bitrate=1000000
android_enable_bug_report=true
ios_screen_record_quality=MEDIUM
ios_screen_record_codec=libx264
ios_screen_record_fps=10
screen_record_duration=180
video_scale=-2:720
ignore_ssl=false
test_run_rules=
hub_mode=selenium
selenium_host=http://localhost:4444/wd/hub

------------- Driver capabilities -----------
================================================

2020-07-26 21:06:46 L10N [ERROR] Unable to use L10N resources yet using Java 9+!
2020-07-26 21:06:49 CarinaListener [INFO] Set thread_count=1
2020-07-26 21:06:49 CarinaListener [INFO] CARINA_CORE_VERSION: 6.4.38
2020-07-26 21:06:49 Messager [INFO]  TEST [carina_qa - testGetAzureUsers] STARTED at [21:06:49 2020-07-26]
2020-07-26 21:06:53 AbstractApiMethod [INFO] Request method:	GET
Request URI:	https://fakerestapi.azurewebsites.net/api/Users
Proxy:			<none>
Request params:	<none>
Query params:	<none>
Form params:	<none>
Path params:	<none>
Headers:		Accept=*/*
				Content-Type=application/json; charset=UTF-8
Cookies:		<none>
Multiparts:		<none>
Body:			<none>
HTTP/1.1 200 OK
Cache-Control: no-cache
Pragma: no-cache
Content-Length: 253
Content-Type: application/json; charset=utf-8
Content-Encoding: gzip
Expires: -1
Vary: Accept-Encoding
Server: Microsoft-IIS/10.0
X-AspNet-Version: 4.0.30319
X-Powered-By: ASP.NET
Set-Cookie: ARRAffinity=cb4308daf0949850fad2bc32568054bec0fe12274c3f98e30180df1cb3df6576;Path=/;HttpOnly;Domain=fakerestapi.azurewebsites.net
Date: Sun, 26 Jul 2020 18:06:50 GMT

[
    {
        "ID": 1,
        "UserName": "User 1",
        "Password": "Password1"
    },
    {
        "ID": 2,
        "UserName": "User 2",
        "Password": "Password2"
    },
    {
        "ID": 3,
        "UserName": "User 3",
        "Password": "Password3"
    },
    {
        "ID": 4,
        "UserName": "User 4",
        "Password": "Password4"
    },
    {
        "ID": 5,
        "UserName": "User 5",
        "Password": "Password5"
    },
    {
        "ID": 6,
        "UserName": "User 6",
        "Password": "Password6"
    },
    {
        "ID": 7,
        "UserName": "User 7",
        "Password": "Password7"
    },
    {
        "ID": 8,
        "UserName": "User 8",
        "Password": "Password8"
    },
    {
        "ID": 9,
        "UserName": "User 9",
        "Password": "Password9"
    },
    {
        "ID": 10,
        "UserName": "User 10",
        "Password": "Password10"
    }
]

2020-07-26 21:06:53 JsonValidator [INFO] JSON schema of version below or equal to draft-04 was detected
2020-07-26 21:06:54 JsonValidator [INFO] Validation against Json schema successfully passed
2020-07-26 21:06:54 Messager [INFO]  TEST [carina_qa - testGetAzureUsers] PASSED at [21:06:54 2020-07-26]
2020-07-26 21:06:54 Messager [INFO] INFO: '**************** Test execution summary ****************'.
2020-07-26 21:06:54 Messager [INFO] RESULT #1: TEST [carina_qa - testGetAzureUsers] PASS [log=./1595786806763/9c12f903-d7e8-46ee-b24e-ceba72453f5a/test.log]
2020-07-26 21:14:07 CarinaListener [INFO] 
============= Test configuration =============
url=https://www.gsmarena.com
env=DEMO
env_arg_resolver=com.qaprosoft.carina.core.foundation.utils.DefaultEnvArgResolver
browser=
browser_version=
browser_language=
selenium_host=http://localhost:4444/wd/hub
driver_event_listeners=
max_driver_count=3
custom_capabilities=
chrome_args=
chrome_experimental_opts=
chrome_mobile_emulation_opts=
firefox_args=
firefox_preferences=
app_version=
proxy_host=
proxy_port=
proxy_protocols=http,https,ftp
no_proxy=
browsermob_proxy=false
browsermob_host=
browsermob_port=0
browsermob_ports_range=
browsermob_disabled_mitm=false
proxy_set_to_system=false
report_url=
email_list=
failure_email_list=
track_known_issues=false
auto_screenshot=true
explicit_timeout=20
auto_download=false
auto_download_apps=
auto_download_folder=
custom_artifacts_folder=
retry_interval=5
project_report_directory=./reports/qa
max_screen_history=10
max_log_file_size=150
result_sorting=true
big_screen_width=-1
big_screen_height=-1
small_screen_width=90
small_screen_height=60
init_retry_count=0
init_retry_interval=1
retry_count=0
enable_l10n=true
l10n_encoding=ISO-8859-1
locale=en_US
thread_count=-1
data_provider_thread_count=1
core_log_level=INFO
core_log_packages=com.qaprosoft.carina.core
artifacts_expiration_seconds=2592000
log_all_json=true
date_format=HH:mm:ss yyyy-MM-dd
time_format=HH:mm:ss
suite_name=
jira_updater=com.qaprosoft.carina.core.foundation.jira.DefaultJiraUpdater
jira_url=
jira_user=
jira_password=
jira_suite_id=
jira_project=
jira_project_short=
jira_create_new_ticket=false
test_naming_pattern={method_name}
element_loading_strategy=BY_PRESENCE_OR_VISIBILITY
page_opening_strategy=BY_URL_AND_ELEMENT
forcibly_disable_driver_quit=false
testrail_run_name=
testrail_milestone=
testrail_assignee=
qtest_cycle_name=DailyAutomation
qtest_suite_name=
s3_bucket_name=
access_key_id=
secret_key=
s3_use_presign_url=false
s3_local_storage=.
appcenter_token=
appcenter_local_storage=.
add_new_localization=false
add_new_localization_encoding=utf-8
add_new_localization_path=
add_new_localization_property_name=new_custom_messages_
tls_keysecure_location=
health_check_class=
health_check_methods=
uninstall_related_apps=false
default_device_timezone=GMT
default_device_time_format=24
default_device_language=en_US
android_screen_record_size=
android_screen_record_bitrate=1000000
android_enable_bug_report=true
ios_screen_record_quality=MEDIUM
ios_screen_record_codec=libx264
ios_screen_record_fps=10
screen_record_duration=180
video_scale=-2:720
ignore_ssl=false
test_run_rules=
hub_mode=selenium
selenium_host=http://localhost:4444/wd/hub

------------- Driver capabilities -----------
================================================

2020-07-26 21:14:07 L10N [ERROR] Unable to use L10N resources yet using Java 9+!
2020-07-26 21:14:10 CarinaListener [INFO] Set thread_count=1
2020-07-26 21:14:10 CarinaListener [INFO] CARINA_CORE_VERSION: 6.4.38
2020-07-26 21:14:10 Messager [INFO]  TEST [carina_qa - testDeleteAzureUsers] STARTED at [21:14:10 2020-07-26]
2020-07-26 21:14:12 AbstractApiMethodV2 [INFO] Base properties loaded: api/azure_users/azureUser.properties
2020-07-26 21:14:15 AbstractApiMethod [INFO] Request method:	DELETE
Request URI:	https://jsonplaceholder.typicode.com/users/1
Proxy:			<none>
Request params:	<none>
Query params:	<none>
Form params:	<none>
Path params:	<none>
Headers:		Accept=*/*
				Content-Type=application/json; charset=UTF-8
Cookies:		<none>
Multiparts:		<none>
Body:			<none>
HTTP/1.1 200 OK
Date: Sun, 26 Jul 2020 18:14:13 GMT
Content-Type: application/json; charset=utf-8
Content-Length: 2
Connection: keep-alive
Set-Cookie: __cfduid=d2c595beb9f58dcdd20e8e0b5bd8289601595787253; expires=Tue, 25-Aug-20 18:14:13 GMT; path=/; domain=.typicode.com; HttpOnly; SameSite=Lax
X-Powered-By: Express
X-Ratelimit-Limit: 1000
X-Ratelimit-Remaining: 999
X-Ratelimit-Reset: 1595787258
Vary: Origin, Accept-Encoding
Access-Control-Allow-Credentials: true
Cache-Control: no-cache
Pragma: no-cache
Expires: -1
X-Content-Type-Options: nosniff
Etag: W/"2-vyGp6PvFo4RvsFtPoIWeCReyIC8"
Via: 1.1 vegur
CF-Cache-Status: DYNAMIC
cf-request-id: 042dee2d0700007a64d6319200000001
Expect-CT: max-age=604800, report-uri="https://report-uri.cloudflare.com/cdn-cgi/beacon/expect-ct"
Server: cloudflare
CF-RAY: 5b90195b3b4b7a64-DME

{
    
}

2020-07-26 21:14:15 Messager [ERROR]  TEST [carina_qa - testDeleteAzureUsers] FAILED at [21:14:15 2020-07-26] - org.json.JSONException: Unparsable JSON string: 

com.qaprosoft.carina.core.foundation.api.AbstractApiMethodV2.validateResponse(AbstractApiMethodV2.java:230)
com.qaprosoft.carina.core.foundation.api.AbstractApiMethodV2.validateResponse(AbstractApiMethodV2.java:240)
com.solvd.carina.demo.APISampleTestV2.testDeleteAzureUsers(APISampleTestV2.java:76)
java.base/jdk.internal.reflect.NativeMethodAccessorImpl.invoke0(Native Method)
java.base/jdk.internal.reflect.NativeMethodAccessorImpl.invoke(NativeMethodAccessorImpl.java:62)
java.base/jdk.internal.reflect.DelegatingMethodAccessorImpl.invoke(DelegatingMethodAccessorImpl.java:43)
java.base/java.lang.reflect.Method.invoke(Method.java:566)
org.testng.internal.MethodInvocationHelper.invokeMethod(MethodInvocationHelper.java:134)
org.testng.internal.TestInvoker.invokeMethod(TestInvoker.java:597)
org.testng.internal.TestInvoker.invokeTestMethod(TestInvoker.java:173)
org.testng.internal.MethodRunner.runInSequence(MethodRunner.java:46)
org.testng.internal.TestInvoker$MethodInvocationAgent.invoke(TestInvoker.java:816)
org.testng.internal.TestInvoker.invokeTestMethods(TestInvoker.java:146)
org.testng.internal.TestMethodWorker.invokeTestMethods(TestMethodWorker.java:146)
org.testng.internal.TestMethodWorker.run(TestMethodWorker.java:128)
java.base/java.util.ArrayList.forEach(ArrayList.java:1540)
org.testng.TestRunner.privateRun(TestRunner.java:766)
org.testng.TestRunner.run(TestRunner.java:587)
org.testng.SuiteRunner.runTest(SuiteRunner.java:384)
org.testng.SuiteRunner.runSequentially(SuiteRunner.java:378)
org.testng.SuiteRunner.privateRun(SuiteRunner.java:337)
org.testng.SuiteRunner.run(SuiteRunner.java:286)
org.testng.SuiteRunnerWorker.runSuite(SuiteRunnerWorker.java:53)
org.testng.SuiteRunnerWorker.run(SuiteRunnerWorker.java:96)
org.testng.TestNG.runSuitesSequentially(TestNG.java:1187)
org.testng.TestNG.runSuitesLocally(TestNG.java:1109)
org.testng.TestNG.runSuites(TestNG.java:1039)
org.testng.TestNG.run(TestNG.java:1007)
com.intellij.rt.testng.IDEARemoteTestNG.run(IDEARemoteTestNG.java:66)
com.intellij.rt.testng.RemoteTestNGStarter.main(RemoteTestNGStarter.java:110)
2020-07-26 21:14:15 Messager [INFO] INFO: '**************** Test execution summary ****************'.
2020-07-26 21:14:15 Messager [INFO] RESULT #1: TEST [carina_qa - testDeleteAzureUsers] FAIL [log=./1595787247163/203e11d3-93ce-40f4-96db-7a45d79a1160/test.log]
2020-07-26 21:16:10 CarinaListener [INFO] 
============= Test configuration =============
url=https://www.gsmarena.com
env=DEMO
env_arg_resolver=com.qaprosoft.carina.core.foundation.utils.DefaultEnvArgResolver
browser=
browser_version=
browser_language=
selenium_host=http://localhost:4444/wd/hub
driver_event_listeners=
max_driver_count=3
custom_capabilities=
chrome_args=
chrome_experimental_opts=
chrome_mobile_emulation_opts=
firefox_args=
firefox_preferences=
app_version=
proxy_host=
proxy_port=
proxy_protocols=http,https,ftp
no_proxy=
browsermob_proxy=false
browsermob_host=
browsermob_port=0
browsermob_ports_range=
browsermob_disabled_mitm=false
proxy_set_to_system=false
report_url=
email_list=
failure_email_list=
track_known_issues=false
auto_screenshot=true
explicit_timeout=20
auto_download=false
auto_download_apps=
auto_download_folder=
custom_artifacts_folder=
retry_interval=5
project_report_directory=./reports/qa
max_screen_history=10
max_log_file_size=150
result_sorting=true
big_screen_width=-1
big_screen_height=-1
small_screen_width=90
small_screen_height=60
init_retry_count=0
init_retry_interval=1
retry_count=0
enable_l10n=true
l10n_encoding=ISO-8859-1
locale=en_US
thread_count=-1
data_provider_thread_count=1
core_log_level=INFO
core_log_packages=com.qaprosoft.carina.core
artifacts_expiration_seconds=2592000
log_all_json=true
date_format=HH:mm:ss yyyy-MM-dd
time_format=HH:mm:ss
suite_name=
jira_updater=com.qaprosoft.carina.core.foundation.jira.DefaultJiraUpdater
jira_url=
jira_user=
jira_password=
jira_suite_id=
jira_project=
jira_project_short=
jira_create_new_ticket=false
test_naming_pattern={method_name}
element_loading_strategy=BY_PRESENCE_OR_VISIBILITY
page_opening_strategy=BY_URL_AND_ELEMENT
forcibly_disable_driver_quit=false
testrail_run_name=
testrail_milestone=
testrail_assignee=
qtest_cycle_name=DailyAutomation
qtest_suite_name=
s3_bucket_name=
access_key_id=
secret_key=
s3_use_presign_url=false
s3_local_storage=.
appcenter_token=
appcenter_local_storage=.
add_new_localization=false
add_new_localization_encoding=utf-8
add_new_localization_path=
add_new_localization_property_name=new_custom_messages_
tls_keysecure_location=
health_check_class=
health_check_methods=
uninstall_related_apps=false
default_device_timezone=GMT
default_device_time_format=24
default_device_language=en_US
android_screen_record_size=
android_screen_record_bitrate=1000000
android_enable_bug_report=true
ios_screen_record_quality=MEDIUM
ios_screen_record_codec=libx264
ios_screen_record_fps=10
screen_record_duration=180
video_scale=-2:720
ignore_ssl=false
test_run_rules=
hub_mode=selenium
selenium_host=http://localhost:4444/wd/hub

------------- Driver capabilities -----------
================================================

2020-07-26 21:16:10 L10N [ERROR] Unable to use L10N resources yet using Java 9+!
2020-07-26 21:16:14 CarinaListener [INFO] Set thread_count=1
2020-07-26 21:16:14 CarinaListener [INFO] CARINA_CORE_VERSION: 6.4.38
2020-07-26 21:16:14 Messager [INFO]  TEST [carina_qa - testDeleteAzureUsers] STARTED at [21:16:14 2020-07-26]
2020-07-26 21:16:21 AbstractApiMethodV2 [INFO] Base properties loaded: api/azure_users/azureUser.properties
2020-07-26 21:16:21 runtime [ERROR] 

Expression username is undefined on line 4, column 20 in api/azure_users/_delete/rq.json.
The problematic instruction:
----------
==> ${username} [on line 4, column 18 in api/azure_users/_delete/rq.json]
----------

Java backtrace for programmers:
----------
freemarker.core.InvalidReferenceException: Expression username is undefined on line 4, column 20 in api/azure_users/_delete/rq.json.
	at freemarker.core.TemplateObject.assertNonNull(TemplateObject.java:124)
	at freemarker.core.Expression.getStringValue(Expression.java:118)
	at freemarker.core.Expression.getStringValue(Expression.java:93)
	at freemarker.core.DollarVariable.accept(DollarVariable.java:76)
	at freemarker.core.Environment.visit(Environment.java:208)
	at freemarker.core.MixedContent.accept(MixedContent.java:92)
	at freemarker.core.Environment.visit(Environment.java:208)
	at freemarker.core.Environment.process(Environment.java:188)
	at freemarker.template.Template.process(Template.java:237)
	at com.qaprosoft.apitools.builder.MessageBuilder.buildStringMessage(MessageBuilder.java:51)
	at com.qaprosoft.apitools.message.TemplateMessage.getMessageText(TemplateMessage.java:103)
	at com.qaprosoft.carina.core.foundation.api.AbstractApiMethodV2.callAPI(AbstractApiMethodV2.java:134)
	at com.solvd.carina.demo.APISampleTestV2.testDeleteAzureUsers(APISampleTestV2.java:75)
	at java.base/jdk.internal.reflect.NativeMethodAccessorImpl.invoke0(Native Method)
	at java.base/jdk.internal.reflect.NativeMethodAccessorImpl.invoke(NativeMethodAccessorImpl.java:62)
	at java.base/jdk.internal.reflect.DelegatingMethodAccessorImpl.invoke(DelegatingMethodAccessorImpl.java:43)
	at java.base/java.lang.reflect.Method.invoke(Method.java:566)
	at org.testng.internal.MethodInvocationHelper.invokeMethod(MethodInvocationHelper.java:134)
	at org.testng.internal.TestInvoker.invokeMethod(TestInvoker.java:597)
	at org.testng.internal.TestInvoker.invokeTestMethod(TestInvoker.java:173)
	at org.testng.internal.MethodRunner.runInSequence(MethodRunner.java:46)
	at org.testng.internal.TestInvoker$MethodInvocationAgent.invoke(TestInvoker.java:816)
	at org.testng.internal.TestInvoker.invokeTestMethods(TestInvoker.java:146)
	at org.testng.internal.TestMethodWorker.invokeTestMethods(TestMethodWorker.java:146)
	at org.testng.internal.TestMethodWorker.run(TestMethodWorker.java:128)
	at java.base/java.util.ArrayList.forEach(ArrayList.java:1540)
	at org.testng.TestRunner.privateRun(TestRunner.java:766)
	at org.testng.TestRunner.run(TestRunner.java:587)
	at org.testng.SuiteRunner.runTest(SuiteRunner.java:384)
	at org.testng.SuiteRunner.runSequentially(SuiteRunner.java:378)
	at org.testng.SuiteRunner.privateRun(SuiteRunner.java:337)
	at org.testng.SuiteRunner.run(SuiteRunner.java:286)
	at org.testng.SuiteRunnerWorker.runSuite(SuiteRunnerWorker.java:53)
	at org.testng.SuiteRunnerWorker.run(SuiteRunnerWorker.java:96)
	at org.testng.TestNG.runSuitesSequentially(TestNG.java:1187)
	at org.testng.TestNG.runSuitesLocally(TestNG.java:1109)
	at org.testng.TestNG.runSuites(TestNG.java:1039)
	at org.testng.TestNG.run(TestNG.java:1007)
	at com.intellij.rt.testng.IDEARemoteTestNG.run(IDEARemoteTestNG.java:66)
	at com.intellij.rt.testng.RemoteTestNGStarter.main(RemoteTestNGStarter.java:110)
2020-07-26 21:16:21 Messager [ERROR]  TEST [carina_qa - testDeleteAzureUsers] FAILED at [21:16:21 2020-07-26] - freemarker.core.InvalidReferenceException: Expression username is undefined on line 4, column 20 in api/azure_users/_delete/rq.json.

com.qaprosoft.apitools.builder.MessageBuilder.buildStringMessage(MessageBuilder.java:53)
com.qaprosoft.apitools.message.TemplateMessage.getMessageText(TemplateMessage.java:103)
com.qaprosoft.carina.core.foundation.api.AbstractApiMethodV2.callAPI(AbstractApiMethodV2.java:134)
com.solvd.carina.demo.APISampleTestV2.testDeleteAzureUsers(APISampleTestV2.java:75)
java.base/jdk.internal.reflect.NativeMethodAccessorImpl.invoke0(Native Method)
java.base/jdk.internal.reflect.NativeMethodAccessorImpl.invoke(NativeMethodAccessorImpl.java:62)
java.base/jdk.internal.reflect.DelegatingMethodAccessorImpl.invoke(DelegatingMethodAccessorImpl.java:43)
java.base/java.lang.reflect.Method.invoke(Method.java:566)
org.testng.internal.MethodInvocationHelper.invokeMethod(MethodInvocationHelper.java:134)
org.testng.internal.TestInvoker.invokeMethod(TestInvoker.java:597)
org.testng.internal.TestInvoker.invokeTestMethod(TestInvoker.java:173)
org.testng.internal.MethodRunner.runInSequence(MethodRunner.java:46)
org.testng.internal.TestInvoker$MethodInvocationAgent.invoke(TestInvoker.java:816)
org.testng.internal.TestInvoker.invokeTestMethods(TestInvoker.java:146)
org.testng.internal.TestMethodWorker.invokeTestMethods(TestMethodWorker.java:146)
org.testng.internal.TestMethodWorker.run(TestMethodWorker.java:128)
java.base/java.util.ArrayList.forEach(ArrayList.java:1540)
org.testng.TestRunner.privateRun(TestRunner.java:766)
org.testng.TestRunner.run(TestRunner.java:587)
org.testng.SuiteRunner.runTest(SuiteRunner.java:384)
org.testng.SuiteRunner.runSequentially(SuiteRunner.java:378)
org.testng.SuiteRunner.privateRun(SuiteRunner.java:337)
org.testng.SuiteRunner.run(SuiteRunner.java:286)
org.testng.SuiteRunnerWorker.runSuite(SuiteRunnerWorker.java:53)
org.testng.SuiteRunnerWorker.run(SuiteRunnerWorker.java:96)
org.testng.TestNG.runSuitesSequentially(TestNG.java:1187)
org.testng.TestNG.runSuitesLocally(TestNG.java:1109)
org.testng.TestNG.runSuites(TestNG.java:1039)
org.testng.TestNG.run(TestNG.java:1007)
com.intellij.rt.testng.IDEARemoteTestNG.run(IDEARemoteTestNG.java:66)
com.intellij.rt.testng.RemoteTestNGStarter.main(RemoteTestNGStarter.java:110)
2020-07-26 21:16:22 Messager [INFO] INFO: '**************** Test execution summary ****************'.
2020-07-26 21:16:22 Messager [INFO] RESULT #1: TEST [carina_qa - testDeleteAzureUsers] FAIL [log=./1595787370454/d446a97e-9726-4acf-a57a-9da2c09d7956/test.log]
2020-07-26 21:17:00 CarinaListener [INFO] 
============= Test configuration =============
url=https://www.gsmarena.com
env=DEMO
env_arg_resolver=com.qaprosoft.carina.core.foundation.utils.DefaultEnvArgResolver
browser=
browser_version=
browser_language=
selenium_host=http://localhost:4444/wd/hub
driver_event_listeners=
max_driver_count=3
custom_capabilities=
chrome_args=
chrome_experimental_opts=
chrome_mobile_emulation_opts=
firefox_args=
firefox_preferences=
app_version=
proxy_host=
proxy_port=
proxy_protocols=http,https,ftp
no_proxy=
browsermob_proxy=false
browsermob_host=
browsermob_port=0
browsermob_ports_range=
browsermob_disabled_mitm=false
proxy_set_to_system=false
report_url=
email_list=
failure_email_list=
track_known_issues=false
auto_screenshot=true
explicit_timeout=20
auto_download=false
auto_download_apps=
auto_download_folder=
custom_artifacts_folder=
retry_interval=5
project_report_directory=./reports/qa
max_screen_history=10
max_log_file_size=150
result_sorting=true
big_screen_width=-1
big_screen_height=-1
small_screen_width=90
small_screen_height=60
init_retry_count=0
init_retry_interval=1
retry_count=0
enable_l10n=true
l10n_encoding=ISO-8859-1
locale=en_US
thread_count=-1
data_provider_thread_count=1
core_log_level=INFO
core_log_packages=com.qaprosoft.carina.core
artifacts_expiration_seconds=2592000
log_all_json=true
date_format=HH:mm:ss yyyy-MM-dd
time_format=HH:mm:ss
suite_name=
jira_updater=com.qaprosoft.carina.core.foundation.jira.DefaultJiraUpdater
jira_url=
jira_user=
jira_password=
jira_suite_id=
jira_project=
jira_project_short=
jira_create_new_ticket=false
test_naming_pattern={method_name}
element_loading_strategy=BY_PRESENCE_OR_VISIBILITY
page_opening_strategy=BY_URL_AND_ELEMENT
forcibly_disable_driver_quit=false
testrail_run_name=
testrail_milestone=
testrail_assignee=
qtest_cycle_name=DailyAutomation
qtest_suite_name=
s3_bucket_name=
access_key_id=
secret_key=
s3_use_presign_url=false
s3_local_storage=.
appcenter_token=
appcenter_local_storage=.
add_new_localization=false
add_new_localization_encoding=utf-8
add_new_localization_path=
add_new_localization_property_name=new_custom_messages_
tls_keysecure_location=
health_check_class=
health_check_methods=
uninstall_related_apps=false
default_device_timezone=GMT
default_device_time_format=24
default_device_language=en_US
android_screen_record_size=
android_screen_record_bitrate=1000000
android_enable_bug_report=true
ios_screen_record_quality=MEDIUM
ios_screen_record_codec=libx264
ios_screen_record_fps=10
screen_record_duration=180
video_scale=-2:720
ignore_ssl=false
test_run_rules=
hub_mode=selenium
selenium_host=http://localhost:4444/wd/hub

------------- Driver capabilities -----------
================================================

2020-07-26 21:17:00 L10N [ERROR] Unable to use L10N resources yet using Java 9+!
2020-07-26 21:17:03 CarinaListener [INFO] Set thread_count=1
2020-07-26 21:17:03 CarinaListener [INFO] CARINA_CORE_VERSION: 6.4.38
2020-07-26 21:17:03 Messager [INFO]  TEST [carina_qa - testDeleteAzureUsers] STARTED at [21:17:03 2020-07-26]
2020-07-26 21:17:05 AbstractApiMethodV2 [INFO] Base properties loaded: api/azure_users/azureUser.properties
2020-07-26 21:17:10 AbstractApiMethod [INFO] Request method:	DELETE
Request URI:	https://jsonplaceholder.typicode.com/users/1
Proxy:			<none>
Request params:	<none>
Query params:	<none>
Form params:	<none>
Path params:	<none>
Headers:		Accept=*/*
				Content-Type=application/json; charset=UTF-8
Cookies:		<none>
Multiparts:		<none>
Body:
[
    {
        "ID": 1,
        "UserName": "jjiqkolr",
        "Password": "vvnvppnu"
    }
]
HTTP/1.1 200 OK
Date: Sun, 26 Jul 2020 18:17:07 GMT
Content-Type: application/json; charset=utf-8
Content-Length: 2
Connection: keep-alive
Set-Cookie: __cfduid=dcea8689b3355bbce8e7e233f71aecd851595787427; expires=Tue, 25-Aug-20 18:17:07 GMT; path=/; domain=.typicode.com; HttpOnly; SameSite=Lax
X-Powered-By: Express
X-Ratelimit-Limit: 1000
X-Ratelimit-Remaining: 999
X-Ratelimit-Reset: 1595787438
Vary: Origin, Accept-Encoding
Access-Control-Allow-Credentials: true
Cache-Control: no-cache
Pragma: no-cache
Expires: -1
X-Content-Type-Options: nosniff
Etag: W/"2-vyGp6PvFo4RvsFtPoIWeCReyIC8"
Via: 1.1 vegur
CF-Cache-Status: DYNAMIC
cf-request-id: 042df0d68600005ab255ae7200000001
Expect-CT: max-age=604800, report-uri="https://report-uri.cloudflare.com/cdn-cgi/beacon/expect-ct"
Server: cloudflare
CF-RAY: 5b901d9da9fd5ab2-DME

{
    
}

2020-07-26 21:17:10 Messager [INFO]  TEST [carina_qa - testDeleteAzureUsers] PASSED at [21:17:10 2020-07-26]
2020-07-26 21:17:10 Messager [INFO] INFO: '**************** Test execution summary ****************'.
2020-07-26 21:17:10 Messager [INFO] RESULT #1: TEST [carina_qa - testDeleteAzureUsers] PASS [log=./1595787420434/17bfdd47-ad7d-4a49-acef-310b079cf143/test.log]
